2025-05-27 16:18:22,950 [SERVEUR] [MQTT] Connecté au broker
2025-05-27 16:19:12,694 [SERVEUR] Status consulté (verrouillée)
2025-05-27 16:19:16,567 [SERVEUR] Déverrouillage par API
2025-05-27 16:19:16,574 [SERVEUR] [MQTT] Serrure => locked=False
2025-05-27 16:19:19,220 [SERVEUR] Status consulté (déverrouillée)
2025-05-27 16:19:38,460 [SERVEUR] [ADMIN] Modification pin_code pour user_id=6 : 7777
2025-05-27 16:19:45,192 [SERVEUR] [MQTT] Serrure => locked=False
2025-05-27 16:19:45,213 [SERVEUR] [MQTT] Serrure => locked=False
2025-05-27 16:19:49,473 [SERVEUR] [ADMIN] Modification pin_code pour user_id=6 : 77777
2025-05-27 16:19:58,670 [SERVEUR] [ADMIN] Modification pin_code pour user_id=6 : 7777
2025-05-28 08:22:04,075 [SERVEUR] [MQTT] Connecté au broker
2025-05-28 08:22:12,158 [SERVEUR] [MQTT] Connecté au broker
2025-05-28 08:22:17,967 [SERVEUR] Status consulté (verrouillée)
2025-05-28 08:36:26,640 [SERVEUR] [MQTT] Connecté au broker
2025-05-28 08:36:34,808 [SERVEUR] Status consulté (verrouillée)
2025-05-28 08:37:59,009 [SERVEUR] [MQTT] Serrure => locked=False
2025-05-28 08:37:59,016 [SERVEUR] [MQTT] Serrure => locked=False
2025-05-28 08:41:21,884 [SERVEUR] [MQTT] Connecté au broker
2025-05-28 08:45:05,092 [SERVEUR] [MQTT] Connecté au broker
2025-05-28 08:46:39,352 [SERVEUR] [MQTT] Connecté au broker
