2025-03-14 16:41:52,561 [INFO] [MQTT] Connecté au broker...
2025-03-14 16:41:52,561 [INFO] [MQTT] Connecté au broker...
2025-03-14 16:41:52,562 [INFO] [MQTT] Connecté au broker...
2025-03-14 16:41:52,562 [INFO] [MQTT] Connecté au broker...
2025-03-14 16:42:08,656 [INFO] [API] Connexion de l’utilisateur : PentesterLab
2025-03-14 16:42:08,658 [INFO] [API] Token défini : eyJhbGciOiJIUzI1NiIsInR5cCI6IkpXVCJ9.eyJ1c2VybmFtZSI6IlBlbnRlc3RlckxhYiIsImV4cCI6MTc0MTk3MDUyOC42NTc0NzksImlwIjoiMTkyLjE2OC40LjE3In0.MKYk8GQZAsb-ThrKrL09oHvXt4assGyzFuhwyCRI4h0
2025-03-17 08:53:20,800 [INFO] [MQTT] Connecté au broker...
2025-03-17 08:53:20,803 [INFO] [MQTT] Connecté au broker...
2025-03-17 08:53:20,806 [INFO] [MQTT] Connecté au broker...
2025-03-17 08:53:20,806 [INFO] [MQTT] Connecté au broker...
2025-03-17 08:53:32,636 [INFO] [MQTT] Connecté au broker...
2025-03-17 08:53:32,669 [INFO] [MQTT] Connecté au broker...
2025-03-17 08:53:32,708 [INFO] [MQTT] Connecté au broker...
2025-03-17 08:53:32,879 [INFO] [MQTT] Connecté au broker...
2025-03-17 10:59:10,936 [INFO] [MQTT] Connecté au broker...
2025-03-17 10:59:10,937 [INFO] [MQTT] Connecté au broker...
2025-03-17 10:59:10,949 [INFO] [MQTT] Connecté au broker...
2025-03-17 10:59:10,953 [INFO] [MQTT] Connecté au broker...
2025-03-18 13:01:58,509 [INFO] [MQTT] Connecté au broker...
2025-03-18 13:01:58,528 [INFO] [MQTT] Connecté au broker...
2025-03-18 13:01:58,533 [INFO] [MQTT] Connecté au broker...
2025-03-18 13:01:58,537 [INFO] [MQTT] Connecté au broker...
2025-03-18 16:16:55,444 [INFO] [MQTT] Connecté au broker MQTT
2025-03-18 16:16:55,466 [INFO] [MQTT] Connecté au broker MQTT
2025-03-18 16:16:55,480 [INFO] [MQTT] Connecté au broker MQTT
2025-03-18 16:16:55,535 [INFO] [MQTT] Connecté au broker MQTT
2025-03-18 16:17:08,267 [INFO] [MQTT] Connecté au broker MQTT
2025-03-18 16:17:08,411 [INFO] [MQTT] Connecté au broker MQTT
2025-03-18 16:17:21,056 [INFO] [MQTT] Connecté au broker MQTT
2025-03-18 16:17:21,183 [INFO] [MQTT] Connecté au broker MQTT
2025-03-18 16:17:21,192 [INFO] [MQTT] Connecté au broker MQTT
2025-03-18 16:17:21,222 [INFO] [MQTT] Connecté au broker MQTT
2025-03-18 16:17:33,844 [INFO] [MQTT] Connecté au broker MQTT
2025-03-18 16:17:33,899 [INFO] [MQTT] Connecté au broker MQTT
2025-03-18 16:17:33,960 [INFO] [MQTT] Connecté au broker MQTT
2025-03-18 16:17:46,892 [INFO] [MQTT] Connecté au broker MQTT
2025-03-18 16:17:46,928 [INFO] [MQTT] Connecté au broker MQTT
2025-03-18 16:18:00,020 [INFO] [MQTT] Connecté au broker MQTT
2025-03-18 16:18:00,103 [INFO] [MQTT] Connecté au broker MQTT
2025-03-18 16:18:12,944 [INFO] [MQTT] Connecté au broker MQTT
2025-03-18 16:18:13,052 [INFO] [MQTT] Connecté au broker MQTT
2025-03-18 16:18:13,083 [INFO] [MQTT] Connecté au broker MQTT
2025-03-18 16:18:13,181 [INFO] [MQTT] Connecté au broker MQTT
2025-03-18 16:18:25,916 [INFO] [MQTT] Connecté au broker MQTT
2025-03-18 16:18:25,951 [INFO] [MQTT] Connecté au broker MQTT
2025-03-18 16:18:25,990 [INFO] [MQTT] Connecté au broker MQTT
2025-03-18 16:18:26,207 [INFO] [MQTT] Connecté au broker MQTT
2025-03-18 16:18:39,013 [INFO] [MQTT] Connecté au broker MQTT
2025-03-18 16:18:39,163 [INFO] [MQTT] Connecté au broker MQTT
2025-03-18 16:18:39,221 [INFO] [MQTT] Connecté au broker MQTT
2025-03-18 16:19:21,740 [INFO] [MQTT] Connecté au broker MQTT
2025-03-18 16:19:21,866 [INFO] [MQTT] Connecté au broker MQTT
2025-03-18 16:19:21,921 [INFO] [MQTT] Connecté au broker MQTT
2025-03-18 16:19:34,841 [INFO] [MQTT] Connecté au broker MQTT
2025-03-18 16:19:35,101 [INFO] [MQTT] Connecté au broker MQTT
2025-03-18 16:19:35,167 [INFO] [MQTT] Connecté au broker MQTT
2025-03-18 16:19:35,174 [INFO] [MQTT] Connecté au broker MQTT
2025-03-18 16:19:48,105 [INFO] [MQTT] Connecté au broker MQTT
2025-03-18 16:19:48,273 [INFO] [MQTT] Connecté au broker MQTT
2025-03-18 16:20:00,855 [INFO] [MQTT] Connecté au broker MQTT
2025-03-18 16:20:00,864 [INFO] [MQTT] Connecté au broker MQTT
2025-03-18 16:20:01,020 [INFO] [MQTT] Connecté au broker MQTT
2025-03-18 16:20:01,177 [INFO] [MQTT] Connecté au broker MQTT
2025-03-18 16:20:13,916 [INFO] [MQTT] Connecté au broker MQTT
2025-03-18 16:20:13,974 [INFO] [MQTT] Connecté au broker MQTT
2025-03-18 16:20:14,352 [INFO] [MQTT] Connecté au broker MQTT
2025-03-18 16:20:56,605 [INFO] [MQTT] Connecté au broker MQTT
2025-03-18 16:20:56,898 [INFO] [MQTT] Connecté au broker MQTT
2025-03-18 16:20:56,915 [INFO] [MQTT] Connecté au broker MQTT
2025-03-18 16:21:09,320 [INFO] [MQTT] Connecté au broker MQTT
2025-03-18 16:21:09,367 [INFO] [MQTT] Connecté au broker MQTT
2025-03-18 16:21:22,111 [INFO] [MQTT] Connecté au broker MQTT
2025-03-18 16:21:22,134 [INFO] [MQTT] Connecté au broker MQTT
2025-03-18 16:21:22,135 [INFO] [MQTT] Connecté au broker MQTT
2025-03-18 16:21:35,243 [INFO] [MQTT] Connecté au broker MQTT
2025-03-18 16:21:35,294 [INFO] [MQTT] Connecté au broker MQTT
2025-03-18 16:21:35,655 [INFO] [MQTT] Connecté au broker MQTT
2025-03-18 16:21:48,212 [INFO] [MQTT] Connecté au broker MQTT
2025-03-18 16:21:48,377 [INFO] [MQTT] Connecté au broker MQTT
2025-03-18 16:21:48,430 [INFO] [MQTT] Connecté au broker MQTT
2025-03-18 16:22:01,241 [INFO] [MQTT] Connecté au broker MQTT
2025-03-18 16:22:01,492 [INFO] [MQTT] Connecté au broker MQTT
2025-03-18 16:22:01,816 [INFO] [MQTT] Connecté au broker MQTT
2025-03-18 16:22:14,290 [INFO] [MQTT] Connecté au broker MQTT
2025-03-18 16:22:14,526 [INFO] [MQTT] Connecté au broker MQTT
2025-03-18 16:22:14,779 [INFO] [MQTT] Connecté au broker MQTT
2025-03-18 16:22:27,205 [INFO] [MQTT] Connecté au broker MQTT
2025-03-18 16:22:27,334 [INFO] [MQTT] Connecté au broker MQTT
2025-03-18 16:22:27,558 [INFO] [MQTT] Connecté au broker MQTT
2025-03-18 16:22:27,683 [INFO] [MQTT] Connecté au broker MQTT
2025-03-18 16:22:40,164 [INFO] [MQTT] Connecté au broker MQTT
2025-03-18 16:22:40,320 [INFO] [MQTT] Connecté au broker MQTT
2025-03-18 16:22:40,644 [INFO] [MQTT] Connecté au broker MQTT
2025-03-18 16:22:40,771 [INFO] [MQTT] Connecté au broker MQTT
2025-03-18 16:22:53,207 [INFO] [MQTT] Connecté au broker MQTT
2025-03-18 16:22:53,258 [INFO] [MQTT] Connecté au broker MQTT
2025-03-18 16:22:53,576 [INFO] [MQTT] Connecté au broker MQTT
2025-03-18 16:22:53,591 [INFO] [MQTT] Connecté au broker MQTT
2025-03-18 16:23:06,422 [INFO] [MQTT] Connecté au broker MQTT
2025-03-18 16:23:06,453 [INFO] [MQTT] Connecté au broker MQTT
2025-03-18 16:23:06,642 [INFO] [MQTT] Connecté au broker MQTT
2025-03-18 16:23:19,335 [INFO] [MQTT] Connecté au broker MQTT
2025-03-18 16:23:19,443 [INFO] [MQTT] Connecté au broker MQTT
2025-03-18 16:23:19,465 [INFO] [MQTT] Connecté au broker MQTT
2025-03-18 16:23:32,520 [INFO] [MQTT] Connecté au broker MQTT
2025-03-18 16:23:32,790 [INFO] [MQTT] Connecté au broker MQTT
2025-03-18 16:23:45,629 [INFO] [MQTT] Connecté au broker MQTT
2025-03-18 16:23:45,673 [INFO] [MQTT] Connecté au broker MQTT
2025-03-18 16:23:45,680 [INFO] [MQTT] Connecté au broker MQTT
2025-03-18 16:23:45,788 [INFO] [MQTT] Connecté au broker MQTT
2025-03-18 16:23:58,727 [INFO] [MQTT] Connecté au broker MQTT
2025-03-18 16:23:59,076 [INFO] [MQTT] Connecté au broker MQTT
2025-03-18 16:23:59,087 [INFO] [MQTT] Connecté au broker MQTT
2025-03-18 16:24:11,822 [INFO] [MQTT] Connecté au broker MQTT
2025-03-18 16:24:11,903 [INFO] [MQTT] Connecté au broker MQTT
2025-03-18 16:24:12,152 [INFO] [MQTT] Connecté au broker MQTT
2025-03-18 16:24:24,762 [INFO] [MQTT] Connecté au broker MQTT
2025-03-18 16:24:24,843 [INFO] [MQTT] Connecté au broker MQTT
2025-03-18 16:24:24,924 [INFO] [MQTT] Connecté au broker MQTT
2025-03-18 16:24:25,037 [INFO] [MQTT] Connecté au broker MQTT
2025-03-18 16:24:37,718 [INFO] [MQTT] Connecté au broker MQTT
2025-03-18 16:24:37,771 [INFO] [MQTT] Connecté au broker MQTT
2025-03-18 16:24:38,135 [INFO] [MQTT] Connecté au broker MQTT
2025-03-18 16:24:50,835 [INFO] [MQTT] Connecté au broker MQTT
2025-03-18 16:24:50,872 [INFO] [MQTT] Connecté au broker MQTT
2025-03-18 16:24:50,872 [INFO] [MQTT] Connecté au broker MQTT
2025-03-18 16:24:51,262 [INFO] [MQTT] Connecté au broker MQTT
2025-03-18 16:25:03,744 [INFO] [MQTT] Connecté au broker MQTT
2025-03-18 16:25:03,776 [INFO] [MQTT] Connecté au broker MQTT
2025-03-18 16:25:04,107 [INFO] [MQTT] Connecté au broker MQTT
2025-03-18 16:25:16,847 [INFO] [MQTT] Connecté au broker MQTT
2025-03-18 16:25:16,867 [INFO] [MQTT] Connecté au broker MQTT
2025-03-18 16:25:17,352 [INFO] [MQTT] Connecté au broker MQTT
2025-03-18 16:25:29,777 [INFO] [MQTT] Connecté au broker MQTT
2025-03-18 16:25:30,185 [INFO] [MQTT] Connecté au broker MQTT
2025-03-18 16:25:42,703 [INFO] [MQTT] Connecté au broker MQTT
2025-03-18 16:25:42,793 [INFO] [MQTT] Connecté au broker MQTT
2025-03-18 16:25:55,841 [INFO] [MQTT] Connecté au broker MQTT
2025-03-18 16:25:55,939 [INFO] [MQTT] Connecté au broker MQTT
2025-03-18 16:25:55,991 [INFO] [MQTT] Connecté au broker MQTT
2025-03-18 16:26:08,975 [INFO] [MQTT] Connecté au broker MQTT
2025-03-18 16:26:09,014 [INFO] [MQTT] Connecté au broker MQTT
2025-03-18 16:26:09,187 [INFO] [MQTT] Connecté au broker MQTT
2025-03-18 16:26:22,040 [INFO] [MQTT] Connecté au broker MQTT
2025-03-18 16:26:22,063 [INFO] [MQTT] Connecté au broker MQTT
2025-03-18 16:26:22,150 [INFO] [MQTT] Connecté au broker MQTT
2025-03-18 16:26:22,393 [INFO] [MQTT] Connecté au broker MQTT
2025-03-18 16:27:32,005 [INFO] [MQTT] Connecté au broker...
2025-03-18 16:27:32,171 [INFO] [MQTT] Connecté au broker...
2025-03-18 16:27:44,913 [INFO] [MQTT] Connecté au broker...
2025-03-18 16:27:45,001 [INFO] [MQTT] Connecté au broker...
2025-03-18 16:27:45,251 [INFO] [MQTT] Connecté au broker...
2025-03-18 16:27:57,633 [INFO] [MQTT] Connecté au broker...
2025-03-18 16:27:57,877 [INFO] [MQTT] Connecté au broker...
2025-03-18 16:27:58,215 [INFO] [MQTT] Connecté au broker...
2025-03-18 16:28:10,583 [INFO] [MQTT] Connecté au broker...
2025-03-18 16:28:10,652 [INFO] [MQTT] Connecté au broker...
2025-03-18 16:28:10,755 [INFO] [MQTT] Connecté au broker...
2025-03-18 16:28:23,354 [INFO] [MQTT] Connecté au broker...
2025-03-18 16:28:23,401 [INFO] [MQTT] Connecté au broker...
2025-03-18 16:28:23,474 [INFO] [MQTT] Connecté au broker...
2025-03-18 16:28:23,722 [INFO] [MQTT] Connecté au broker...
2025-03-18 16:28:36,350 [INFO] [MQTT] Connecté au broker...
2025-03-18 16:28:36,825 [INFO] [MQTT] Connecté au broker...
2025-03-18 16:28:49,136 [INFO] [MQTT] Connecté au broker...
2025-03-18 16:28:49,281 [INFO] [MQTT] Connecté au broker...
2025-03-18 16:28:49,368 [INFO] [MQTT] Connecté au broker...
2025-03-18 16:28:49,609 [INFO] [MQTT] Connecté au broker...
2025-03-18 16:29:02,079 [INFO] [MQTT] Connecté au broker...
2025-03-18 16:29:02,127 [INFO] [MQTT] Connecté au broker...
2025-03-18 16:29:14,903 [INFO] [MQTT] Connecté au broker...
2025-03-18 16:29:27,926 [INFO] [MQTT] Connecté au broker...
2025-03-18 16:29:27,928 [INFO] [MQTT] Connecté au broker...
2025-03-18 16:29:40,872 [INFO] [MQTT] Connecté au broker...
2025-03-18 16:29:41,072 [INFO] [MQTT] Connecté au broker...
2025-03-18 16:29:41,101 [INFO] [MQTT] Connecté au broker...
2025-03-18 16:29:41,162 [INFO] [MQTT] Connecté au broker...
2025-03-18 16:29:53,952 [INFO] [MQTT] Connecté au broker...
2025-03-18 16:29:53,961 [INFO] [MQTT] Connecté au broker...
2025-03-18 16:29:54,119 [INFO] [MQTT] Connecté au broker...
2025-03-18 16:29:54,260 [INFO] [MQTT] Connecté au broker...
2025-03-18 16:30:28,733 [INFO] [MQTT] Connecté au broker...
2025-03-18 16:30:28,955 [INFO] [MQTT] Connecté au broker...
2025-03-18 16:30:29,392 [INFO] [MQTT] Connecté au broker...
2025-03-18 16:30:41,945 [INFO] [MQTT] Connecté au broker...
2025-03-18 16:30:41,999 [INFO] [MQTT] Connecté au broker...
2025-03-18 16:30:42,188 [INFO] [MQTT] Connecté au broker...
2025-03-18 16:30:54,869 [INFO] [MQTT] Connecté au broker...
2025-03-18 16:30:54,937 [INFO] [MQTT] Connecté au broker...
2025-03-18 16:30:55,036 [INFO] [MQTT] Connecté au broker...
2025-03-18 16:30:55,199 [INFO] [MQTT] Connecté au broker...
2025-03-18 16:31:37,677 [INFO] [MQTT] Connecté au broker...
2025-03-18 16:31:37,947 [INFO] [MQTT] Connecté au broker...
2025-03-18 16:31:37,998 [INFO] [MQTT] Connecté au broker...
2025-03-18 16:31:38,090 [INFO] [MQTT] Connecté au broker...
2025-03-18 16:31:50,666 [INFO] [MQTT] Connecté au broker...
2025-03-18 16:31:50,693 [INFO] [MQTT] Connecté au broker...
2025-03-18 16:31:50,747 [INFO] [MQTT] Connecté au broker...
2025-03-18 16:31:50,952 [INFO] [MQTT] Connecté au broker...
2025-03-18 16:32:03,692 [INFO] [MQTT] Connecté au broker...
2025-03-18 16:32:04,200 [INFO] [MQTT] Connecté au broker...
2025-03-18 16:32:16,684 [INFO] [MQTT] Connecté au broker...
2025-03-18 16:32:16,705 [INFO] [MQTT] Connecté au broker...
2025-03-18 16:32:16,803 [INFO] [MQTT] Connecté au broker...
2025-03-18 16:32:29,707 [INFO] [MQTT] Connecté au broker...
2025-03-18 16:32:29,747 [INFO] [MQTT] Connecté au broker...
2025-03-18 16:32:29,979 [INFO] [MQTT] Connecté au broker...
2025-03-18 16:32:42,622 [INFO] [MQTT] Connecté au broker...
2025-03-18 16:32:42,853 [INFO] [MQTT] Connecté au broker...
2025-03-18 16:32:55,695 [INFO] [MQTT] Connecté au broker...
2025-03-18 16:32:55,752 [INFO] [MQTT] Connecté au broker...
2025-03-18 16:32:55,766 [INFO] [MQTT] Connecté au broker...
2025-03-18 16:33:38,198 [INFO] [MQTT] Connecté au broker...
2025-03-18 16:33:38,386 [INFO] [MQTT] Connecté au broker...
2025-03-18 16:33:38,622 [INFO] [MQTT] Connecté au broker...
2025-03-18 16:33:38,659 [INFO] [MQTT] Connecté au broker...
2025-03-18 16:33:51,123 [INFO] [MQTT] Connecté au broker...
2025-03-18 16:33:51,413 [INFO] [MQTT] Connecté au broker...
2025-03-18 16:33:51,430 [INFO] [MQTT] Connecté au broker...
2025-03-18 16:34:04,126 [INFO] [MQTT] Connecté au broker...
2025-03-18 16:34:04,262 [INFO] [MQTT] Connecté au broker...
2025-03-18 16:34:04,341 [INFO] [MQTT] Connecté au broker...
2025-03-18 16:34:17,184 [INFO] [MQTT] Connecté au broker...
2025-03-18 16:34:17,187 [INFO] [MQTT] Connecté au broker...
2025-03-18 16:34:17,279 [INFO] [MQTT] Connecté au broker...
2025-03-18 16:34:17,473 [INFO] [MQTT] Connecté au broker...
2025-03-18 16:34:30,089 [INFO] [MQTT] Connecté au broker...
2025-03-18 16:34:30,116 [INFO] [MQTT] Connecté au broker...
2025-03-18 16:34:42,812 [INFO] [MQTT] Connecté au broker...
2025-03-18 16:34:42,942 [INFO] [MQTT] Connecté au broker...
2025-03-18 16:34:42,979 [INFO] [MQTT] Connecté au broker...
2025-03-18 16:34:55,945 [INFO] [MQTT] Connecté au broker...
2025-03-18 16:34:55,996 [INFO] [MQTT] Connecté au broker...
2025-03-18 16:34:56,027 [INFO] [MQTT] Connecté au broker...
2025-03-18 16:34:56,199 [INFO] [MQTT] Connecté au broker...
2025-03-18 16:35:08,872 [INFO] [MQTT] Connecté au broker...
2025-03-18 16:35:09,263 [INFO] [MQTT] Connecté au broker...
2025-03-18 16:35:22,056 [INFO] [MQTT] Connecté au broker...
2025-03-18 16:35:22,153 [INFO] [MQTT] Connecté au broker...
2025-03-18 16:35:22,225 [INFO] [MQTT] Connecté au broker...
2025-03-18 16:35:34,903 [INFO] [MQTT] Connecté au broker...
2025-03-18 16:35:34,938 [INFO] [MQTT] Connecté au broker...
2025-03-18 16:35:35,142 [INFO] [MQTT] Connecté au broker...
2025-03-18 16:35:47,898 [INFO] [MQTT] Connecté au broker...
2025-03-18 16:35:48,140 [INFO] [MQTT] Connecté au broker...
2025-03-18 16:35:48,144 [INFO] [MQTT] Connecté au broker...
2025-03-18 16:36:00,860 [INFO] [MQTT] Connecté au broker...
2025-03-18 16:36:00,924 [INFO] [MQTT] Connecté au broker...
2025-03-18 16:36:13,875 [INFO] [MQTT] Connecté au broker...
2025-03-18 16:36:14,018 [INFO] [MQTT] Connecté au broker...
2025-03-18 16:36:39,791 [INFO] [MQTT] Connecté au broker...
2025-03-18 16:36:39,815 [INFO] [MQTT] Connecté au broker...
2025-03-18 16:36:40,006 [INFO] [MQTT] Connecté au broker...
2025-03-18 16:36:52,714 [INFO] [MQTT] Connecté au broker...
2025-03-18 16:36:52,957 [INFO] [MQTT] Connecté au broker...
2025-03-18 16:37:05,618 [INFO] [MQTT] Connecté au broker...
2025-03-18 16:37:05,772 [INFO] [MQTT] Connecté au broker...
2025-03-18 16:37:05,953 [INFO] [MQTT] Connecté au broker...
2025-03-18 16:37:18,634 [INFO] [MQTT] Connecté au broker...
2025-03-18 16:37:18,942 [INFO] [MQTT] Connecté au broker...
2025-03-18 16:37:31,673 [INFO] [MQTT] Connecté au broker...
2025-03-18 16:37:31,701 [INFO] [MQTT] Connecté au broker...
2025-03-18 16:37:31,912 [INFO] [MQTT] Connecté au broker...
2025-03-18 16:38:14,566 [INFO] [MQTT] Connecté au broker...
2025-03-18 16:38:14,589 [INFO] [MQTT] Connecté au broker...
2025-03-18 16:38:14,904 [INFO] [MQTT] Connecté au broker...
2025-03-18 16:38:27,476 [INFO] [MQTT] Connecté au broker...
2025-03-18 16:38:27,607 [INFO] [MQTT] Connecté au broker...
2025-03-18 16:38:27,732 [INFO] [MQTT] Connecté au broker...
2025-03-18 16:38:40,405 [INFO] [MQTT] Connecté au broker...
2025-03-18 16:38:40,531 [INFO] [MQTT] Connecté au broker...
2025-03-18 16:38:40,754 [INFO] [MQTT] Connecté au broker...
2025-03-18 16:38:53,424 [INFO] [MQTT] Connecté au broker...
2025-03-18 16:38:53,463 [INFO] [MQTT] Connecté au broker...
2025-03-18 16:38:53,477 [INFO] [MQTT] Connecté au broker...
2025-03-18 16:39:06,453 [INFO] [MQTT] Connecté au broker...
2025-03-18 16:39:06,659 [INFO] [MQTT] Connecté au broker...
2025-03-18 16:39:06,684 [INFO] [MQTT] Connecté au broker...
2025-03-18 16:39:19,415 [INFO] [MQTT] Connecté au broker...
2025-03-18 16:39:19,676 [INFO] [MQTT] Connecté au broker...
2025-03-18 16:39:19,692 [INFO] [MQTT] Connecté au broker...
2025-03-18 16:39:32,442 [INFO] [MQTT] Connecté au broker...
2025-03-18 16:39:32,464 [INFO] [MQTT] Connecté au broker...
2025-03-18 16:39:32,929 [INFO] [MQTT] Connecté au broker...
2025-03-18 16:39:45,378 [INFO] [MQTT] Connecté au broker...
2025-03-18 16:39:45,490 [INFO] [MQTT] Connecté au broker...
2025-03-18 16:39:45,741 [INFO] [MQTT] Connecté au broker...
2025-03-18 16:39:58,460 [INFO] [MQTT] Connecté au broker...
2025-03-18 16:39:58,505 [INFO] [MQTT] Connecté au broker...
2025-03-18 16:39:58,691 [INFO] [MQTT] Connecté au broker...
2025-03-18 16:39:58,777 [INFO] [MQTT] Connecté au broker...
2025-03-18 16:40:11,495 [INFO] [MQTT] Connecté au broker...
2025-03-18 16:40:11,821 [INFO] [MQTT] Connecté au broker...
2025-03-18 16:40:11,921 [INFO] [MQTT] Connecté au broker...
2025-03-18 16:40:24,481 [INFO] [MQTT] Connecté au broker.
2025-03-18 16:40:24,565 [INFO] [MQTT] Connecté au broker.
2025-03-18 16:40:24,835 [INFO] [MQTT] Connecté au broker.
2025-03-18 16:40:40,057 [INFO] [MQTT] Connecté au broker.
2025-03-18 16:40:40,726 [INFO] [MQTT] Connecté au broker.
2025-03-18 16:40:54,783 [INFO] [MQTT] Connecté au broker.
2025-03-18 16:40:54,841 [INFO] [MQTT] Connecté au broker.
2025-03-18 17:48:42,374 [INFO] [MQTT] Connecté au broker
2025-03-18 17:48:42,376 [INFO] [MQTT] Connecté au broker
2025-03-18 17:48:42,419 [INFO] [MQTT] Connecté au broker
2025-03-18 17:48:42,522 [INFO] [MQTT] Connecté au broker
2025-03-18 17:50:37,069 [INFO] [MQTT] Connecté au broker
2025-03-18 17:50:37,072 [INFO] [MQTT] Connecté au broker
2025-03-18 17:50:37,088 [INFO] [MQTT] Connecté au broker
2025-03-18 17:50:37,094 [INFO] [MQTT] Connecté au broker
2025-03-18 18:40:49,804 [INFO] [MQTT] Connecté au broker
2025-03-18 18:40:49,804 [INFO] [MQTT] Connecté au broker
2025-03-18 18:40:49,806 [INFO] [MQTT] Connecté au broker
2025-03-18 18:40:49,817 [INFO] [MQTT] Connecté au broker
2025-03-18 18:44:40,550 [INFO] [MQTT] Connecté au broker
2025-03-18 18:44:40,561 [INFO] [MQTT] Connecté au broker
2025-03-18 18:44:40,611 [INFO] [MQTT] Connecté au broker
2025-03-18 18:44:40,706 [INFO] [MQTT] Connecté au broker
2025-03-18 18:47:44,902 [INFO] [MQTT] Connecté au broker
2025-03-18 18:47:44,930 [INFO] [MQTT] Connecté au broker
2025-03-18 18:47:44,997 [INFO] [MQTT] Connecté au broker
2025-03-18 18:47:45,177 [INFO] [MQTT] Connecté au broker
2025-03-18 18:53:41,793 [INFO] [API] Connexion de PentesterLab
2025-03-18 18:54:21,337 [INFO] [API] Connexion de PentesterLab
2025-03-18 18:55:52,834 [INFO] [API] Connexion de PentesterLab
2025-03-18 18:59:33,523 [INFO] [API] Connexion de PentesterLab
2025-03-18 19:10:41,676 [INFO] [API] Connexion de PentesterLab
2025-03-18 19:47:34,515 [INFO] [MQTT] Connecté au broker.
2025-03-18 19:47:34,523 [INFO] [MQTT] Connecté au broker.
2025-03-18 19:47:34,529 [INFO] [MQTT] Connecté au broker.
2025-03-18 19:47:34,546 [INFO] [MQTT] Connecté au broker.
2025-03-18 19:47:49,197 [INFO] [AUTH] Connexion de PentesterLab
2025-03-18 19:48:08,572 [INFO] [AUTH] Connexion de PentesterLab
2025-03-18 19:48:55,962 [INFO] [AUTH] Connexion de PentesterLab
2025-03-18 19:49:17,667 [INFO] [AUTH] Connexion de PentesterLab
2025-03-18 20:08:42,974 [INFO] [MQTT] Connecté au broker
2025-03-18 20:08:42,985 [INFO] [MQTT] Connecté au broker
2025-03-18 20:08:43,069 [INFO] [MQTT] Connecté au broker
2025-03-18 20:08:43,120 [INFO] [MQTT] Connecté au broker
2025-03-18 20:09:56,120 [INFO] [LOGIN] Connexion de PentesterLab
2025-03-18 20:10:13,125 [INFO] [LOGIN] Connexion de PentesterLab
2025-03-18 20:10:42,825 [INFO] [LOGIN] Connexion de PentesterLab
2025-03-18 20:11:18,634 [INFO] [LOGIN] Connexion de PentesterLab
2025-03-18 20:12:02,148 [INFO] [LOGIN] Connexion de PentesterLab
2025-03-18 20:17:04,035 [INFO] [MQTT] Connecté au broker
2025-03-18 20:17:04,160 [INFO] [MQTT] Connecté au broker
2025-03-18 20:17:04,199 [INFO] [MQTT] Connecté au broker
2025-03-18 20:17:04,244 [INFO] [MQTT] Connecté au broker
2025-03-18 20:17:25,366 [INFO] [LOGIN] Connexion de PentesterLab
2025-03-18 20:17:56,369 [INFO] [LOGIN] Connexion de PentesterLab
2025-03-18 20:24:52,866 [INFO] [MQTT] Connecté au broker
2025-03-18 20:24:52,902 [INFO] [MQTT] Connecté au broker
2025-03-18 20:24:52,942 [INFO] [MQTT] Connecté au broker
2025-03-18 20:24:53,078 [INFO] [MQTT] Connecté au broker
2025-03-18 20:25:23,531 [INFO] [LOGIN] Connexion de PentesterLab
2025-03-18 20:26:05,197 [INFO] [MQTT] Connecté au broker
2025-03-18 20:26:05,206 [INFO] [MQTT] Connecté au broker
2025-03-18 20:26:05,234 [INFO] [MQTT] Connecté au broker
2025-03-18 20:26:05,242 [INFO] [MQTT] Connecté au broker
2025-03-18 20:28:41,382 [INFO] [LOGIN] Connexion de PentesterLab
2025-03-18 20:46:43,373 [INFO] [LOGIN] Connexion de PentesterLab
2025-03-18 20:48:19,630 [INFO] [MQTT] Connecté au broker
2025-03-18 20:48:19,643 [INFO] [MQTT] Connecté au broker
2025-03-18 20:48:19,701 [INFO] [MQTT] Connecté au broker
2025-03-18 20:48:19,874 [INFO] [MQTT] Connecté au broker
2025-03-18 20:49:11,781 [INFO] [LOGIN] Connexion de PentesterLab
2025-03-18 21:13:27,671 [INFO] [MQTT] Connecté au broker
2025-03-18 21:13:27,729 [INFO] [MQTT] Connecté au broker
2025-03-18 21:13:27,770 [INFO] [MQTT] Connecté au broker
2025-03-18 21:13:27,777 [INFO] [MQTT] Connecté au broker
2025-03-18 21:14:10,403 [INFO] [API] Connexion de PentesterLab
2025-03-18 21:32:17,239 [INFO] [MQTT] Connecté au broker
2025-03-18 21:32:17,239 [INFO] [MQTT] Connecté au broker
2025-03-18 21:32:17,241 [INFO] [MQTT] Connecté au broker
2025-03-18 21:32:17,288 [INFO] [MQTT] Connecté au broker
2025-03-19 08:08:18,049 [INFO] [API] Connexion de PentesterLab
2025-03-19 08:08:36,349 [INFO] [API] Connexion de Utilisateur
2025-03-19 08:09:58,245 [INFO] [API] Connexion de PentesterLab
2025-03-19 08:10:17,325 [INFO] [API] Connexion de Utilisateur
2025-03-19 08:30:17,617 [INFO] [MQTT] Connecté au broker
2025-03-19 08:30:17,730 [INFO] [MQTT] Connecté au broker
2025-03-19 08:30:17,776 [INFO] [MQTT] Connecté au broker
2025-03-19 08:30:17,852 [INFO] [MQTT] Connecté au broker
2025-03-19 08:32:57,673 [INFO] [MQTT] Connecté au broker
2025-03-19 08:32:57,804 [INFO] [MQTT] Connecté au broker
2025-03-19 08:32:57,884 [INFO] [MQTT] Connecté au broker
2025-03-19 08:32:58,014 [INFO] [MQTT] Connecté au broker
2025-03-19 08:33:51,318 [INFO] [API] Connexion de Utilisateur
2025-03-19 08:40:24,251 [INFO] [MQTT] Connecté au broker
2025-03-19 08:40:24,255 [INFO] [MQTT] Connecté au broker
2025-03-19 08:40:24,258 [INFO] [MQTT] Connecté au broker
2025-03-19 08:40:24,273 [INFO] [MQTT] Connecté au broker
2025-03-19 08:40:43,495 [INFO] [API] Connexion de Utilisateur
2025-03-19 09:06:25,083 [INFO] [MQTT] Connecté au broker
2025-03-19 09:06:25,109 [INFO] [MQTT] Connecté au broker
2025-03-19 09:06:25,109 [INFO] [MQTT] Connecté au broker
2025-03-19 09:06:37,952 [INFO] [MQTT] Connecté au broker
2025-03-19 09:06:38,005 [INFO] [MQTT] Connecté au broker
2025-03-19 09:06:38,106 [INFO] [MQTT] Connecté au broker
2025-03-19 09:06:38,187 [INFO] [MQTT] Connecté au broker
2025-03-19 09:24:05,476 [INFO] [MQTT] Connecté au broker
2025-03-19 09:24:05,477 [INFO] [MQTT] Connecté au broker
2025-03-19 09:24:05,541 [INFO] [MQTT] Connecté au broker
2025-03-19 09:24:05,635 [INFO] [MQTT] Connecté au broker
2025-03-19 09:25:54,653 [INFO] [MQTT] Connecté au broker
2025-03-19 09:25:54,671 [INFO] [MQTT] Connecté au broker
2025-03-19 09:25:54,937 [INFO] [MQTT] Connecté au broker
2025-03-19 09:25:54,959 [INFO] [MQTT] Connecté au broker
2025-03-19 09:32:37,772 [INFO] [MQTT] Connecté au broker
2025-03-19 09:32:37,782 [INFO] [MQTT] Connecté au broker
2025-03-19 09:32:37,843 [INFO] [MQTT] Connecté au broker
2025-03-19 09:32:37,899 [INFO] [MQTT] Connecté au broker
2025-03-19 10:12:14,980 [INFO] [MQTT] Connecté au broker
2025-03-19 10:12:15,006 [INFO] [MQTT] Connecté au broker
2025-03-19 10:12:15,022 [INFO] [MQTT] Connecté au broker
2025-03-19 10:12:15,080 [INFO] [MQTT] Connecté au broker
2025-03-19 10:22:27,795 [INFO] [MQTT] Connecté au broker
2025-03-19 10:22:27,978 [INFO] [MQTT] Connecté au broker
2025-03-19 10:22:27,987 [INFO] [MQTT] Connecté au broker
2025-03-19 10:22:28,077 [INFO] [MQTT] Connecté au broker
2025-03-19 10:37:12,421 [ERROR] [MQTT] Échec de connexion, code=5
2025-03-19 10:37:12,423 [ERROR] [MQTT] Échec de connexion, code=5
2025-03-19 10:37:12,423 [ERROR] [MQTT] Échec de connexion, code=5
2025-03-19 10:37:12,424 [ERROR] [MQTT] Échec de connexion, code=5
2025-03-19 10:38:04,932 [ERROR] [MQTT] Échec de connexion, code=5
2025-03-19 10:38:04,932 [ERROR] [MQTT] Échec de connexion, code=5
2025-03-19 10:38:04,935 [ERROR] [MQTT] Échec de connexion, code=5
2025-03-19 10:38:04,938 [ERROR] [MQTT] Échec de connexion, code=5
2025-03-19 10:38:05,946 [ERROR] [MQTT] Échec de connexion, code=5
2025-03-19 10:38:05,948 [ERROR] [MQTT] Échec de connexion, code=5
2025-03-19 10:38:05,951 [ERROR] [MQTT] Échec de connexion, code=5
2025-03-19 10:38:05,953 [ERROR] [MQTT] Échec de connexion, code=5
2025-03-19 10:38:07,957 [ERROR] [MQTT] Échec de connexion, code=5
2025-03-19 10:38:07,960 [ERROR] [MQTT] Échec de connexion, code=5
2025-03-19 10:38:07,963 [ERROR] [MQTT] Échec de connexion, code=5
2025-03-19 10:38:07,967 [ERROR] [MQTT] Échec de connexion, code=5
2025-03-19 10:38:11,967 [ERROR] [MQTT] Échec de connexion, code=5
2025-03-19 10:38:11,970 [ERROR] [MQTT] Échec de connexion, code=5
2025-03-19 10:38:11,974 [ERROR] [MQTT] Échec de connexion, code=5
2025-03-19 10:38:11,977 [ERROR] [MQTT] Échec de connexion, code=5
2025-03-19 10:38:19,977 [ERROR] [MQTT] Échec de connexion, code=5
2025-03-19 10:38:19,982 [ERROR] [MQTT] Échec de connexion, code=5
2025-03-19 10:38:19,985 [ERROR] [MQTT] Échec de connexion, code=5
2025-03-19 10:38:19,988 [ERROR] [MQTT] Échec de connexion, code=5
2025-03-19 10:38:35,987 [ERROR] [MQTT] Échec de connexion, code=5
2025-03-19 10:38:35,995 [ERROR] [MQTT] Échec de connexion, code=5
2025-03-19 10:38:35,996 [ERROR] [MQTT] Échec de connexion, code=5
2025-03-19 10:38:35,999 [ERROR] [MQTT] Échec de connexion, code=5
2025-03-19 10:39:07,996 [ERROR] [MQTT] Échec de connexion, code=5
2025-03-19 10:39:08,007 [ERROR] [MQTT] Échec de connexion, code=5
2025-03-19 10:39:08,007 [ERROR] [MQTT] Échec de connexion, code=5
2025-03-19 10:39:08,010 [ERROR] [MQTT] Échec de connexion, code=5
2025-03-19 10:40:12,006 [ERROR] [MQTT] Échec de connexion, code=5
2025-03-19 10:40:12,017 [ERROR] [MQTT] Échec de connexion, code=5
2025-03-19 10:40:12,019 [ERROR] [MQTT] Échec de connexion, code=5
2025-03-19 10:40:12,022 [ERROR] [MQTT] Échec de connexion, code=5
2025-03-19 10:42:09,243 [ERROR] [MQTT] Échec de connexion, code=5
2025-03-19 10:42:09,277 [ERROR] [MQTT] Échec de connexion, code=5
2025-03-19 10:42:09,284 [ERROR] [MQTT] Échec de connexion, code=5
2025-03-19 10:42:09,427 [ERROR] [MQTT] Échec de connexion, code=5
2025-03-19 10:42:10,255 [ERROR] [MQTT] Échec de connexion, code=5
2025-03-19 10:42:10,283 [ERROR] [MQTT] Échec de connexion, code=5
2025-03-19 10:42:10,291 [ERROR] [MQTT] Échec de connexion, code=5
2025-03-19 10:42:10,435 [ERROR] [MQTT] Échec de connexion, code=5
2025-03-19 10:42:12,266 [ERROR] [MQTT] Échec de connexion, code=5
2025-03-19 10:42:12,291 [ERROR] [MQTT] Échec de connexion, code=5
2025-03-19 10:42:12,298 [ERROR] [MQTT] Échec de connexion, code=5
2025-03-19 10:42:12,442 [ERROR] [MQTT] Échec de connexion, code=5
2025-03-19 10:42:16,277 [ERROR] [MQTT] Échec de connexion, code=5
2025-03-19 10:42:16,300 [ERROR] [MQTT] Échec de connexion, code=5
2025-03-19 10:42:16,307 [ERROR] [MQTT] Échec de connexion, code=5
2025-03-19 10:42:16,450 [ERROR] [MQTT] Échec de connexion, code=5
2025-03-19 10:42:24,287 [ERROR] [MQTT] Échec de connexion, code=5
2025-03-19 10:42:24,309 [ERROR] [MQTT] Échec de connexion, code=5
2025-03-19 10:42:24,316 [ERROR] [MQTT] Échec de connexion, code=5
2025-03-19 10:42:24,458 [ERROR] [MQTT] Échec de connexion, code=5
2025-03-19 10:42:40,296 [ERROR] [MQTT] Échec de connexion, code=5
2025-03-19 10:42:40,317 [ERROR] [MQTT] Échec de connexion, code=5
2025-03-19 10:42:40,326 [ERROR] [MQTT] Échec de connexion, code=5
2025-03-19 10:42:40,466 [ERROR] [MQTT] Échec de connexion, code=5
2025-03-19 10:43:12,305 [ERROR] [MQTT] Échec de connexion, code=5
2025-03-19 10:43:12,324 [ERROR] [MQTT] Échec de connexion, code=5
2025-03-19 10:43:12,333 [ERROR] [MQTT] Échec de connexion, code=5
2025-03-19 10:43:12,474 [ERROR] [MQTT] Échec de connexion, code=5
2025-03-19 10:49:24,314 [ERROR] [MQTT] Échec de connexion, code=5
2025-03-19 10:49:24,365 [ERROR] [MQTT] Échec de connexion, code=5
2025-03-19 10:49:24,452 [ERROR] [MQTT] Échec de connexion, code=5
2025-03-19 10:49:24,525 [ERROR] [MQTT] Échec de connexion, code=5
2025-03-19 10:49:25,324 [ERROR] [MQTT] Échec de connexion, code=5
2025-03-19 10:49:25,373 [ERROR] [MQTT] Échec de connexion, code=5
2025-03-19 10:49:25,459 [ERROR] [MQTT] Échec de connexion, code=5
2025-03-19 10:49:25,532 [ERROR] [MQTT] Échec de connexion, code=5
2025-03-19 10:49:27,333 [ERROR] [MQTT] Échec de connexion, code=5
2025-03-19 10:49:27,383 [ERROR] [MQTT] Échec de connexion, code=5
2025-03-19 10:49:27,466 [ERROR] [MQTT] Échec de connexion, code=5
2025-03-19 10:49:27,539 [ERROR] [MQTT] Échec de connexion, code=5
2025-03-19 10:49:31,342 [ERROR] [MQTT] Échec de connexion, code=5
2025-03-19 10:49:31,391 [ERROR] [MQTT] Échec de connexion, code=5
2025-03-19 10:49:31,474 [ERROR] [MQTT] Échec de connexion, code=5
2025-03-19 10:49:31,547 [ERROR] [MQTT] Échec de connexion, code=5
2025-03-19 10:49:41,851 [ERROR] [MQTT] Échec de connexion, code=5
2025-03-19 10:49:41,887 [ERROR] [MQTT] Échec de connexion, code=5
2025-03-19 10:49:41,890 [ERROR] [MQTT] Échec de connexion, code=5
2025-03-19 10:49:42,033 [ERROR] [MQTT] Échec de connexion, code=5
2025-03-19 10:49:42,859 [ERROR] [MQTT] Échec de connexion, code=5
2025-03-19 10:49:42,893 [ERROR] [MQTT] Échec de connexion, code=5
2025-03-19 10:49:42,897 [ERROR] [MQTT] Échec de connexion, code=5
2025-03-19 10:49:43,040 [ERROR] [MQTT] Échec de connexion, code=5
2025-03-19 10:49:44,869 [ERROR] [MQTT] Échec de connexion, code=5
2025-03-19 10:49:44,901 [ERROR] [MQTT] Échec de connexion, code=5
2025-03-19 10:49:44,906 [ERROR] [MQTT] Échec de connexion, code=5
2025-03-19 10:49:45,048 [ERROR] [MQTT] Échec de connexion, code=5
2025-03-19 10:49:48,877 [ERROR] [MQTT] Échec de connexion, code=5
2025-03-19 10:49:48,910 [ERROR] [MQTT] Échec de connexion, code=5
2025-03-19 10:49:48,915 [ERROR] [MQTT] Échec de connexion, code=5
2025-03-19 10:49:49,055 [ERROR] [MQTT] Échec de connexion, code=5
2025-03-19 10:49:56,884 [ERROR] [MQTT] Échec de connexion, code=5
2025-03-19 10:49:56,916 [ERROR] [MQTT] Échec de connexion, code=5
2025-03-19 10:49:56,922 [ERROR] [MQTT] Échec de connexion, code=5
2025-03-19 10:49:57,061 [ERROR] [MQTT] Échec de connexion, code=5
2025-03-19 10:50:12,891 [ERROR] [MQTT] Échec de connexion, code=5
2025-03-19 10:50:12,924 [ERROR] [MQTT] Échec de connexion, code=5
2025-03-19 10:50:12,930 [ERROR] [MQTT] Échec de connexion, code=5
2025-03-19 10:50:13,069 [ERROR] [MQTT] Échec de connexion, code=5
2025-03-19 10:50:44,900 [ERROR] [MQTT] Échec de connexion, code=5
2025-03-19 10:50:44,933 [ERROR] [MQTT] Échec de connexion, code=5
2025-03-19 10:50:44,938 [ERROR] [MQTT] Échec de connexion, code=5
2025-03-19 10:50:45,077 [ERROR] [MQTT] Échec de connexion, code=5
2025-03-19 10:51:48,909 [ERROR] [MQTT] Échec de connexion, code=5
2025-03-19 10:51:48,942 [ERROR] [MQTT] Échec de connexion, code=5
2025-03-19 10:51:48,948 [ERROR] [MQTT] Échec de connexion, code=5
2025-03-19 10:51:49,086 [ERROR] [MQTT] Échec de connexion, code=5
2025-03-19 10:53:48,917 [ERROR] [MQTT] Échec de connexion, code=5
2025-03-19 10:53:48,950 [ERROR] [MQTT] Échec de connexion, code=5
2025-03-19 10:53:48,956 [ERROR] [MQTT] Échec de connexion, code=5
2025-03-19 10:53:49,095 [ERROR] [MQTT] Échec de connexion, code=5
2025-03-19 10:55:25,627 [INFO] [API] Connexion de PentesterLab
2025-03-19 10:55:48,927 [ERROR] [MQTT] Échec de connexion, code=5
2025-03-19 10:55:48,958 [ERROR] [MQTT] Échec de connexion, code=5
2025-03-19 10:55:48,964 [ERROR] [MQTT] Échec de connexion, code=5
2025-03-19 10:55:49,103 [ERROR] [MQTT] Échec de connexion, code=5
2025-03-19 10:57:48,936 [ERROR] [MQTT] Échec de connexion, code=5
2025-03-19 10:57:48,965 [ERROR] [MQTT] Échec de connexion, code=5
2025-03-19 10:57:48,971 [ERROR] [MQTT] Échec de connexion, code=5
2025-03-19 10:57:49,111 [ERROR] [MQTT] Échec de connexion, code=5
2025-03-19 10:59:48,945 [ERROR] [MQTT] Échec de connexion, code=5
2025-03-19 10:59:48,973 [ERROR] [MQTT] Échec de connexion, code=5
2025-03-19 10:59:48,979 [ERROR] [MQTT] Échec de connexion, code=5
2025-03-19 10:59:49,118 [ERROR] [MQTT] Échec de connexion, code=5
2025-03-19 11:01:48,952 [ERROR] [MQTT] Échec de connexion, code=5
2025-03-19 11:01:48,982 [ERROR] [MQTT] Échec de connexion, code=5
2025-03-19 11:01:48,987 [ERROR] [MQTT] Échec de connexion, code=5
2025-03-19 11:01:49,127 [ERROR] [MQTT] Échec de connexion, code=5
2025-03-19 11:03:48,961 [ERROR] [MQTT] Échec de connexion, code=5
2025-03-19 11:03:48,989 [ERROR] [MQTT] Échec de connexion, code=5
2025-03-19 11:03:48,995 [ERROR] [MQTT] Échec de connexion, code=5
2025-03-19 11:03:49,137 [ERROR] [MQTT] Échec de connexion, code=5
2025-03-19 11:05:48,970 [ERROR] [MQTT] Échec de connexion, code=5
2025-03-19 11:05:48,998 [ERROR] [MQTT] Échec de connexion, code=5
2025-03-19 11:05:49,003 [ERROR] [MQTT] Échec de connexion, code=5
2025-03-19 11:05:49,144 [ERROR] [MQTT] Échec de connexion, code=5
2025-03-19 11:07:48,979 [ERROR] [MQTT] Échec de connexion, code=5
2025-03-19 11:07:49,006 [ERROR] [MQTT] Échec de connexion, code=5
2025-03-19 11:07:49,012 [ERROR] [MQTT] Échec de connexion, code=5
2025-03-19 11:07:49,152 [ERROR] [MQTT] Échec de connexion, code=5
2025-03-19 11:09:22,967 [ERROR] [MQTT] Échec de connexion, code=5
2025-03-19 11:09:22,978 [ERROR] [MQTT] Échec de connexion, code=5
2025-03-19 11:09:23,033 [ERROR] [MQTT] Échec de connexion, code=5
2025-03-19 11:09:23,171 [ERROR] [MQTT] Échec de connexion, code=5
2025-03-19 11:09:23,976 [ERROR] [MQTT] Échec de connexion, code=5
2025-03-19 11:09:23,987 [ERROR] [MQTT] Échec de connexion, code=5
2025-03-19 11:09:24,041 [ERROR] [MQTT] Échec de connexion, code=5
2025-03-19 11:09:24,179 [ERROR] [MQTT] Échec de connexion, code=5
2025-03-19 11:09:25,986 [ERROR] [MQTT] Échec de connexion, code=5
2025-03-19 11:09:25,995 [ERROR] [MQTT] Échec de connexion, code=5
2025-03-19 11:09:26,049 [ERROR] [MQTT] Échec de connexion, code=5
2025-03-19 11:09:26,186 [ERROR] [MQTT] Échec de connexion, code=5
2025-03-19 11:09:29,997 [ERROR] [MQTT] Échec de connexion, code=5
2025-03-19 11:09:30,005 [ERROR] [MQTT] Échec de connexion, code=5
2025-03-19 11:09:30,057 [ERROR] [MQTT] Échec de connexion, code=5
2025-03-19 11:09:30,193 [ERROR] [MQTT] Échec de connexion, code=5
2025-03-19 11:09:38,007 [ERROR] [MQTT] Échec de connexion, code=5
2025-03-19 11:09:38,014 [ERROR] [MQTT] Échec de connexion, code=5
2025-03-19 11:09:38,065 [ERROR] [MQTT] Échec de connexion, code=5
2025-03-19 11:09:38,202 [ERROR] [MQTT] Échec de connexion, code=5
2025-03-19 11:09:41,272 [INFO] [API] Connexion de PentesterLab
2025-03-19 11:09:54,017 [ERROR] [MQTT] Échec de connexion, code=5
2025-03-19 11:09:54,023 [ERROR] [MQTT] Échec de connexion, code=5
2025-03-19 11:09:54,073 [ERROR] [MQTT] Échec de connexion, code=5
2025-03-19 11:09:54,211 [ERROR] [MQTT] Échec de connexion, code=5
2025-03-19 11:10:04,337 [INFO] [API] Connexion de Utilisateur
2025-03-19 11:10:26,026 [ERROR] [MQTT] Échec de connexion, code=5
2025-03-19 11:10:26,033 [ERROR] [MQTT] Échec de connexion, code=5
2025-03-19 11:10:26,081 [ERROR] [MQTT] Échec de connexion, code=5
2025-03-19 11:10:26,218 [ERROR] [MQTT] Échec de connexion, code=5
2025-03-19 11:11:30,037 [ERROR] [MQTT] Échec de connexion, code=5
2025-03-19 11:11:30,042 [ERROR] [MQTT] Échec de connexion, code=5
2025-03-19 11:11:30,089 [ERROR] [MQTT] Échec de connexion, code=5
2025-03-19 11:11:30,226 [ERROR] [MQTT] Échec de connexion, code=5
2025-03-19 11:13:30,047 [ERROR] [MQTT] Échec de connexion, code=5
2025-03-19 11:13:30,051 [ERROR] [MQTT] Échec de connexion, code=5
2025-03-19 11:13:30,098 [ERROR] [MQTT] Échec de connexion, code=5
2025-03-19 11:13:30,235 [ERROR] [MQTT] Échec de connexion, code=5
2025-03-19 11:15:32,502 [ERROR] [MQTT] Échec de connexion, code=5
2025-03-19 11:15:32,502 [ERROR] [MQTT] Échec de connexion, code=5
2025-03-19 11:15:32,502 [ERROR] [MQTT] Échec de connexion, code=5
2025-03-19 11:15:32,562 [ERROR] [MQTT] Échec de connexion, code=5
2025-03-19 11:15:33,514 [ERROR] [MQTT] Échec de connexion, code=5
2025-03-19 11:15:33,514 [ERROR] [MQTT] Échec de connexion, code=5
2025-03-19 11:15:33,516 [ERROR] [MQTT] Échec de connexion, code=5
2025-03-19 11:15:33,570 [ERROR] [MQTT] Échec de connexion, code=5
2025-03-19 11:15:35,523 [ERROR] [MQTT] Échec de connexion, code=5
2025-03-19 11:15:35,527 [ERROR] [MQTT] Échec de connexion, code=5
2025-03-19 11:15:35,528 [ERROR] [MQTT] Échec de connexion, code=5
2025-03-19 11:15:35,578 [ERROR] [MQTT] Échec de connexion, code=5
2025-03-19 11:15:39,533 [ERROR] [MQTT] Échec de connexion, code=5
2025-03-19 11:15:39,537 [ERROR] [MQTT] Échec de connexion, code=5
2025-03-19 11:15:39,541 [ERROR] [MQTT] Échec de connexion, code=5
2025-03-19 11:15:39,587 [ERROR] [MQTT] Échec de connexion, code=5
2025-03-19 11:15:41,570 [INFO] [API] Connexion de Utilisateur
2025-03-19 11:15:47,545 [ERROR] [MQTT] Échec de connexion, code=5
2025-03-19 11:15:47,548 [ERROR] [MQTT] Échec de connexion, code=5
2025-03-19 11:15:47,552 [ERROR] [MQTT] Échec de connexion, code=5
2025-03-19 11:15:47,596 [ERROR] [MQTT] Échec de connexion, code=5
2025-03-19 11:16:03,555 [ERROR] [MQTT] Échec de connexion, code=5
2025-03-19 11:16:03,559 [ERROR] [MQTT] Échec de connexion, code=5
2025-03-19 11:16:03,563 [ERROR] [MQTT] Échec de connexion, code=5
2025-03-19 11:16:03,604 [ERROR] [MQTT] Échec de connexion, code=5
2025-03-19 11:16:35,564 [ERROR] [MQTT] Échec de connexion, code=5
2025-03-19 11:16:35,569 [ERROR] [MQTT] Échec de connexion, code=5
2025-03-19 11:16:35,573 [ERROR] [MQTT] Échec de connexion, code=5
2025-03-19 11:16:35,612 [ERROR] [MQTT] Échec de connexion, code=5
2025-03-19 11:17:39,573 [ERROR] [MQTT] Échec de connexion, code=5
2025-03-19 11:17:39,580 [ERROR] [MQTT] Échec de connexion, code=5
2025-03-19 11:17:39,583 [ERROR] [MQTT] Échec de connexion, code=5
2025-03-19 11:17:39,620 [ERROR] [MQTT] Échec de connexion, code=5
2025-03-19 11:19:39,582 [ERROR] [MQTT] Échec de connexion, code=5
2025-03-19 11:19:39,589 [ERROR] [MQTT] Échec de connexion, code=5
2025-03-19 11:19:39,592 [ERROR] [MQTT] Échec de connexion, code=5
2025-03-19 11:19:39,628 [ERROR] [MQTT] Échec de connexion, code=5
2025-03-19 11:21:39,591 [ERROR] [MQTT] Échec de connexion, code=5
2025-03-19 11:21:39,599 [ERROR] [MQTT] Échec de connexion, code=5
2025-03-19 11:21:39,602 [ERROR] [MQTT] Échec de connexion, code=5
2025-03-19 11:21:39,636 [ERROR] [MQTT] Échec de connexion, code=5
2025-03-19 11:23:39,601 [ERROR] [MQTT] Échec de connexion, code=5
2025-03-19 11:23:39,608 [ERROR] [MQTT] Échec de connexion, code=5
2025-03-19 11:23:39,612 [ERROR] [MQTT] Échec de connexion, code=5
2025-03-19 11:23:39,644 [ERROR] [MQTT] Échec de connexion, code=5
2025-03-19 11:25:39,609 [ERROR] [MQTT] Échec de connexion, code=5
2025-03-19 11:25:39,620 [ERROR] [MQTT] Échec de connexion, code=5
2025-03-19 11:25:39,623 [ERROR] [MQTT] Échec de connexion, code=5
2025-03-19 11:25:39,652 [ERROR] [MQTT] Échec de connexion, code=5
2025-03-19 11:27:39,617 [ERROR] [MQTT] Échec de connexion, code=5
2025-03-19 11:27:39,629 [ERROR] [MQTT] Échec de connexion, code=5
2025-03-19 11:27:39,632 [ERROR] [MQTT] Échec de connexion, code=5
2025-03-19 11:27:39,663 [ERROR] [MQTT] Échec de connexion, code=5
2025-03-19 11:29:39,641 [ERROR] [MQTT] Échec de connexion, code=5
2025-03-19 11:29:39,642 [ERROR] [MQTT] Échec de connexion, code=5
2025-03-19 11:29:39,643 [ERROR] [MQTT] Échec de connexion, code=5
2025-03-19 11:29:39,671 [ERROR] [MQTT] Échec de connexion, code=5
2025-03-19 11:33:39,674 [ERROR] [MQTT] Échec de connexion, code=5
2025-03-19 11:33:39,674 [ERROR] [MQTT] Échec de connexion, code=5
2025-03-19 11:33:39,675 [ERROR] [MQTT] Échec de connexion, code=5
2025-03-19 11:33:39,685 [ERROR] [MQTT] Échec de connexion, code=5
2025-03-19 11:37:39,704 [ERROR] [MQTT] Échec de connexion, code=5
2025-03-19 11:37:39,706 [ERROR] [MQTT] Échec de connexion, code=5
2025-03-19 11:37:39,707 [ERROR] [MQTT] Échec de connexion, code=5
2025-03-19 11:37:39,707 [ERROR] [MQTT] Échec de connexion, code=5
2025-03-19 11:39:17,722 [ERROR] [MQTT] Échec de connexion, code=5
2025-03-19 11:39:17,753 [ERROR] [MQTT] Échec de connexion, code=5
2025-03-19 11:39:17,822 [ERROR] [MQTT] Échec de connexion, code=5
2025-03-19 11:39:17,931 [ERROR] [MQTT] Échec de connexion, code=5
2025-03-19 11:39:18,729 [ERROR] [MQTT] Échec de connexion, code=5
2025-03-19 11:39:18,763 [ERROR] [MQTT] Échec de connexion, code=5
2025-03-19 11:39:18,830 [ERROR] [MQTT] Échec de connexion, code=5
2025-03-19 11:39:18,939 [ERROR] [MQTT] Échec de connexion, code=5
2025-03-19 11:39:20,738 [ERROR] [MQTT] Échec de connexion, code=5
2025-03-19 11:39:20,772 [ERROR] [MQTT] Échec de connexion, code=5
2025-03-19 11:39:20,837 [ERROR] [MQTT] Échec de connexion, code=5
2025-03-19 11:39:20,946 [ERROR] [MQTT] Échec de connexion, code=5
2025-03-19 11:39:24,746 [ERROR] [MQTT] Échec de connexion, code=5
2025-03-19 11:39:24,780 [ERROR] [MQTT] Échec de connexion, code=5
2025-03-19 11:39:24,845 [ERROR] [MQTT] Échec de connexion, code=5
2025-03-19 11:39:24,954 [ERROR] [MQTT] Échec de connexion, code=5
2025-03-19 11:39:31,383 [INFO] [API] Connexion de Utilisateur
2025-03-19 11:39:32,756 [ERROR] [MQTT] Échec de connexion, code=5
2025-03-19 11:39:32,797 [ERROR] [MQTT] Échec de connexion, code=5
2025-03-19 11:39:32,854 [ERROR] [MQTT] Échec de connexion, code=5
2025-03-19 11:39:32,962 [ERROR] [MQTT] Échec de connexion, code=5
2025-03-19 11:40:17,601 [ERROR] [MQTT] Échec de connexion, code=5
2025-03-19 11:40:17,603 [ERROR] [MQTT] Échec de connexion, code=5
2025-03-19 11:40:17,615 [ERROR] [MQTT] Échec de connexion, code=5
2025-03-19 11:40:17,620 [ERROR] [MQTT] Échec de connexion, code=5
2025-03-19 11:40:18,619 [ERROR] [MQTT] Échec de connexion, code=5
2025-03-19 11:40:18,621 [ERROR] [MQTT] Échec de connexion, code=5
2025-03-19 11:40:18,626 [ERROR] [MQTT] Échec de connexion, code=5
2025-03-19 11:40:18,634 [ERROR] [MQTT] Échec de connexion, code=5
2025-03-19 11:40:20,625 [ERROR] [MQTT] Échec de connexion, code=5
2025-03-19 11:40:20,630 [ERROR] [MQTT] Échec de connexion, code=5
2025-03-19 11:40:20,636 [ERROR] [MQTT] Échec de connexion, code=5
2025-03-19 11:40:20,642 [ERROR] [MQTT] Échec de connexion, code=5
2025-03-19 11:40:38,563 [ERROR] [MQTT] Échec de connexion, code=5
2025-03-19 11:40:38,567 [ERROR] [MQTT] Échec de connexion, code=5
2025-03-19 11:40:38,573 [ERROR] [MQTT] Échec de connexion, code=5
2025-03-19 11:40:38,576 [ERROR] [MQTT] Échec de connexion, code=5
2025-03-19 11:40:47,933 [ERROR] [MQTT] Échec de connexion, code=5
2025-03-19 11:40:47,933 [ERROR] [MQTT] Échec de connexion, code=5
2025-03-19 11:40:47,936 [ERROR] [MQTT] Échec de connexion, code=5
2025-03-19 11:40:47,936 [ERROR] [MQTT] Échec de connexion, code=5
2025-03-19 11:41:04,015 [ERROR] [MQTT] Échec de connexion, code=5
2025-03-19 11:41:04,019 [ERROR] [MQTT] Échec de connexion, code=5
2025-03-19 11:41:04,020 [ERROR] [MQTT] Échec de connexion, code=5
2025-03-19 11:41:04,021 [ERROR] [MQTT] Échec de connexion, code=5
2025-03-19 11:41:30,267 [INFO] [API] Connexion de Utilisateur
2025-03-19 11:41:36,026 [ERROR] [MQTT] Échec de connexion, code=5
2025-03-19 11:41:36,030 [ERROR] [MQTT] Échec de connexion, code=5
2025-03-19 11:41:36,031 [ERROR] [MQTT] Échec de connexion, code=5
2025-03-19 11:41:36,036 [ERROR] [MQTT] Échec de connexion, code=5
2025-03-19 11:42:40,036 [ERROR] [MQTT] Échec de connexion, code=5
2025-03-19 11:42:40,040 [ERROR] [MQTT] Échec de connexion, code=5
2025-03-19 11:42:40,042 [ERROR] [MQTT] Échec de connexion, code=5
2025-03-19 11:42:40,046 [ERROR] [MQTT] Échec de connexion, code=5
2025-03-19 11:44:40,046 [ERROR] [MQTT] Échec de connexion, code=5
2025-03-19 11:44:40,054 [ERROR] [MQTT] Échec de connexion, code=5
2025-03-19 11:44:40,056 [ERROR] [MQTT] Échec de connexion, code=5
2025-03-19 11:44:40,056 [ERROR] [MQTT] Échec de connexion, code=5
2025-03-19 11:46:40,055 [ERROR] [MQTT] Échec de connexion, code=5
2025-03-19 11:46:40,066 [ERROR] [MQTT] Échec de connexion, code=5
2025-03-19 11:46:40,067 [ERROR] [MQTT] Échec de connexion, code=5
2025-03-19 11:46:40,068 [ERROR] [MQTT] Échec de connexion, code=5
2025-03-19 11:48:22,470 [INFO] [MQTT] Connecté au broker
2025-03-19 11:48:22,474 [INFO] [MQTT] Connecté au broker
2025-03-19 11:48:22,475 [INFO] [MQTT] Connecté au broker
2025-03-19 11:48:22,475 [INFO] [MQTT] Connecté au broker
2025-03-19 11:48:51,405 [INFO] [API] Connexion de Utilisateur
2025-03-19 11:50:45,718 [INFO] [MQTT] Connecté au broker
2025-03-19 11:50:45,720 [INFO] [MQTT] Connecté au broker
2025-03-19 11:50:45,719 [INFO] [MQTT] Connecté au broker
2025-03-19 11:50:45,721 [INFO] [MQTT] Connecté au broker
2025-03-19 18:47:37,599 [INFO] [API] Connexion de PentesterLab
2025-03-19 19:01:25,176 [INFO] [MQTT] Connecté au broker
2025-03-19 19:01:25,179 [INFO] [MQTT] Connecté au broker
2025-03-19 19:01:25,180 [INFO] [MQTT] Connecté au broker
2025-03-19 19:01:25,206 [INFO] [MQTT] Connecté au broker
2025-03-19 19:01:34,815 [INFO] [API] Connexion de Utilisateur
2025-03-19 19:27:32,475 [INFO] [MQTT] Connecté au broker
2025-03-19 19:27:32,522 [INFO] [MQTT] Connecté au broker
2025-03-19 19:27:32,528 [INFO] [MQTT] Connecté au broker
2025-03-19 19:27:32,612 [INFO] [MQTT] Connecté au broker
2025-03-19 20:46:06,342 [INFO] [MQTT] Connecté au broker
2025-03-19 20:46:06,354 [INFO] [MQTT] Connecté au broker
2025-03-19 20:46:06,378 [INFO] [MQTT] Connecté au broker
2025-03-19 20:46:06,520 [INFO] [MQTT] Connecté au broker
2025-03-19 20:46:26,630 [INFO] [API] Connexion de PentesterLab
2025-03-19 20:47:01,163 [INFO] [API] Connexion de PentesterLab
2025-03-19 20:50:41,677 [INFO] [API] Connexion de PentesterLab
2025-03-19 20:52:30,212 [INFO] [MQTT] Connecté au broker
2025-03-19 20:52:30,259 [INFO] [MQTT] Connecté au broker
2025-03-19 20:52:30,273 [INFO] [MQTT] Connecté au broker
2025-03-19 20:52:30,377 [INFO] [MQTT] Connecté au broker
2025-03-19 20:52:37,598 [INFO] [API] Connexion de PentesterLab
2025-03-19 20:52:45,665 [INFO] [ADMIN] Reset Challenge manuel effectué.
2025-03-19 20:56:58,035 [INFO] Lancement du thread de reset dans 10s...
2025-03-19 20:56:58,036 [INFO] === Début de reset_challenge_10s() ===
2025-03-19 20:57:20,846 [INFO] Lancement du thread de reset dans 10s...
2025-03-19 20:57:20,847 [INFO] === Début de reset_challenge_10s() ===
2025-03-19 21:12:21,628 [INFO] [MQTT] Connecté au broker
2025-03-19 21:12:21,638 [INFO] [MQTT] Connecté au broker
2025-03-19 21:12:21,638 [INFO] [MQTT] Connecté au broker
2025-03-19 21:12:21,648 [INFO] [MQTT] Connecté au broker
2025-03-19 21:16:16,370 [INFO] [MQTT] Connecté au broker
2025-03-19 21:16:16,423 [INFO] [MQTT] Connecté au broker
2025-03-19 21:16:17,662 [INFO] [MQTT] Connecté au broker
2025-03-19 21:16:17,764 [INFO] [MQTT] Connecté au broker
2025-03-19 21:22:55,653 [INFO] [MQTT] Connecté au broker
2025-03-19 21:22:55,655 [INFO] [MQTT] Connecté au broker
2025-03-19 21:22:55,662 [INFO] [MQTT] Connecté au broker
2025-03-19 21:22:55,662 [INFO] [MQTT] Connecté au broker
2025-03-19 21:23:30,196 [INFO] [MQTT] Connecté au broker
2025-03-19 21:23:30,288 [INFO] [31m[1mWARNING: This is a development server. Do not use it in a production deployment. Use a production WSGI server instead.[0m
 * Running on all addresses (0.0.0.0)
 * Running on http://127.0.0.1:5000
 * Running on http://192.168.1.117:5000
2025-03-19 21:23:30,289 [INFO] [33mPress CTRL+C to quit[0m
2025-03-19 21:23:30,289 [INFO]  * Restarting with stat
2025-03-19 21:23:34,796 [INFO] [MQTT] Connecté au broker
2025-03-19 21:23:34,818 [WARNING]  * Debugger is active!
2025-03-19 21:23:34,820 [INFO]  * Debugger PIN: 873-141-548
2025-03-19 21:24:30,703 [INFO] [MQTT] Connecté au broker
2025-03-19 21:24:30,803 [INFO] [MQTT] Connecté au broker
2025-03-19 21:24:30,899 [INFO] [MQTT] Connecté au broker
2025-03-19 21:24:32,817 [INFO] [MQTT] Connecté au broker
2025-03-19 21:28:28,892 [INFO] [MQTT] Connecté au broker
2025-03-19 21:28:28,894 [INFO] [MQTT] Connecté au broker
2025-03-19 21:28:28,898 [INFO] [MQTT] Connecté au broker
2025-03-19 21:28:28,898 [INFO] [MQTT] Connecté au broker
2025-03-19 21:30:33,551 [INFO] [API] Connexion de PentesterLab
2025-03-19 21:59:12,448 [INFO] [MQTT] Connecté au broker
2025-03-19 21:59:12,450 [INFO] [MQTT] Connecté au broker
2025-03-19 21:59:12,515 [INFO] [MQTT] Connecté au broker
2025-03-19 21:59:12,549 [INFO] [MQTT] Connecté au broker
2025-03-19 22:15:19,574 [INFO] [MQTT] Connecté au broker
2025-03-19 22:15:19,615 [INFO] [MQTT] Connecté au broker
2025-03-19 22:15:19,616 [INFO] [MQTT] Connecté au broker
2025-03-19 22:15:19,700 [INFO] [MQTT] Connecté au broker
2025-03-19 22:17:09,722 [INFO] [MQTT] Connecté au broker
2025-03-19 22:17:09,780 [INFO] [MQTT] Connecté au broker
2025-03-19 22:17:09,871 [INFO] [MQTT] Connecté au broker
2025-03-19 22:17:09,956 [INFO] [MQTT] Connecté au broker
2025-03-19 22:18:33,211 [INFO] [MQTT] Connecté au broker
2025-03-19 22:18:33,287 [INFO] [MQTT] Connecté au broker
2025-03-19 22:18:33,311 [INFO] [MQTT] Connecté au broker
2025-03-19 22:18:33,325 [INFO] [MQTT] Connecté au broker
2025-03-19 22:22:59,606 [INFO] [MQTT] Connecté au broker
2025-03-19 22:22:59,710 [INFO] [MQTT] Connecté au broker
2025-03-19 22:22:59,773 [INFO] [MQTT] Connecté au broker
2025-03-19 22:22:59,807 [INFO] [MQTT] Connecté au broker
2025-03-19 22:30:04,409 [INFO] [MQTT] Connecté au broker
2025-03-19 22:30:04,418 [INFO] [MQTT] Connecté au broker
2025-03-19 22:30:04,420 [INFO] [MQTT] Connecté au broker
2025-03-19 22:30:04,441 [INFO] [MQTT] Connecté au broker
2025-03-19 22:43:36,100 [INFO] [MQTT] Connecté au broker
2025-03-19 22:43:36,251 [INFO] [MQTT] Connecté au broker
2025-03-19 22:43:36,295 [INFO] [MQTT] Connecté au broker
2025-03-19 22:43:36,380 [INFO] [MQTT] Connecté au broker
2025-03-19 22:47:33,049 [INFO] [MQTT] Connecté au broker
2025-03-19 22:47:33,070 [INFO] [MQTT] Connecté au broker
2025-03-19 22:47:33,078 [INFO] [MQTT] Connecté au broker
2025-03-19 22:47:33,156 [INFO] [MQTT] Connecté au broker
2025-03-19 22:53:07,785 [INFO] [MQTT] Connecté au broker
2025-03-19 22:53:07,937 [INFO] [MQTT] Connecté au broker
2025-03-19 22:53:08,125 [INFO] [MQTT] Connecté au broker
2025-03-19 22:53:08,179 [INFO] [MQTT] Connecté au broker
2025-03-19 23:02:09,127 [INFO] [MQTT] Connecté au broker
2025-03-19 23:02:09,145 [INFO] [MQTT] Connecté au broker
2025-03-19 23:02:09,225 [INFO] [MQTT] Connecté au broker
2025-03-19 23:02:09,289 [INFO] [MQTT] Connecté au broker
2025-03-19 23:06:29,558 [INFO] [MQTT] Connecté au broker
2025-03-19 23:06:29,571 [INFO] [MQTT] Connecté au broker
2025-03-19 23:06:29,714 [INFO] [MQTT] Connecté au broker
2025-03-19 23:06:29,773 [INFO] [MQTT] Connecté au broker
2025-03-19 23:09:57,925 [INFO] [MQTT] Connecté au broker
2025-03-19 23:09:57,963 [INFO] [MQTT] Connecté au broker
2025-03-19 23:09:58,019 [INFO] [MQTT] Connecté au broker
2025-03-19 23:09:58,052 [INFO] [MQTT] Connecté au broker
2025-03-19 23:13:25,275 [INFO] [MQTT] Connecté au broker
2025-03-19 23:13:25,377 [INFO] [MQTT] Connecté au broker
2025-03-19 23:13:25,438 [INFO] [MQTT] Connecté au broker
2025-03-19 23:13:25,453 [INFO] [MQTT] Connecté au broker
2025-03-19 23:14:04,842 [INFO] [MQTT] Connecté au broker
2025-03-19 23:14:04,986 [INFO] [MQTT] Connecté au broker
2025-03-19 23:14:05,003 [INFO] [MQTT] Connecté au broker
2025-03-19 23:14:05,089 [INFO] [MQTT] Connecté au broker
2025-03-19 23:14:53,135 [INFO] [MQTT] Connecté au broker
2025-03-19 23:14:53,230 [INFO] [MQTT] Connecté au broker
2025-03-19 23:14:53,362 [INFO] [MQTT] Connecté au broker
2025-03-19 23:14:53,414 [INFO] [MQTT] Connecté au broker
2025-03-19 23:18:17,115 [INFO] [MQTT] Connecté au broker
2025-03-19 23:18:17,136 [INFO] [MQTT] Connecté au broker
2025-03-19 23:18:17,387 [INFO] [MQTT] Connecté au broker
2025-03-19 23:18:17,443 [INFO] [MQTT] Connecté au broker
2025-03-20 00:10:04,305 [INFO] [MQTT] Connecté au broker
2025-03-20 00:10:04,314 [INFO] [MQTT] Connecté au broker
2025-03-20 00:10:04,398 [INFO] [MQTT] Connecté au broker
2025-03-20 00:10:04,695 [INFO] [MQTT] Connecté au broker
2025-03-20 07:55:41,370 [INFO] [MQTT] Connecté au broker
2025-03-20 07:55:41,372 [INFO] [MQTT] Connecté au broker
2025-03-20 07:55:41,399 [INFO] [MQTT] Connecté au broker
2025-03-20 07:55:41,402 [INFO] [MQTT] Connecté au broker
2025-03-20 08:31:35,170 [INFO] [MQTT] Connecté au broker
2025-03-20 08:31:35,170 [INFO] [MQTT] Connecté au broker
2025-03-20 08:34:55,470 [INFO] [MQTT] Connecté au broker
2025-03-20 08:34:55,471 [INFO] [MQTT] Connecté au broker
2025-03-20 08:36:53,630 [INFO] [MQTT] Connecté au broker
2025-03-20 08:36:53,644 [INFO] [MQTT] Connecté au broker
2025-03-20 08:37:04,845 [INFO] [MQTT] Connecté au broker
2025-03-20 08:37:04,846 [INFO] [MQTT] Connecté au broker
2025-03-20 08:42:27,575 [INFO] [API] Connexion de PentesterLab
2025-03-20 08:42:33,549 [INFO] [ADMIN] Reset Challenge manuel effectué.
2025-03-20 08:50:05,102 [INFO] [API] Connexion de PentesterLab
2025-03-20 08:50:19,690 [INFO] [ADMIN] Reset Challenge manuel effectué.
2025-03-20 08:52:57,836 [INFO] [API] Connexion de PentesterLab
2025-03-20 08:54:33,258 [INFO] [MQTT] Connecté au broker
2025-03-20 08:54:33,264 [INFO] [MQTT] Connecté au broker
2025-03-20 08:54:33,314 [INFO] [MQTT] Connecté au broker
2025-03-20 08:54:33,354 [INFO] [MQTT] Connecté au broker
2025-03-21 16:47:04,925 [INFO] [MQTT] Connecté au broker
2025-03-21 16:47:04,928 [INFO] [MQTT] Connecté au broker
2025-03-21 16:47:04,929 [INFO] [MQTT] Connecté au broker
2025-03-21 16:47:04,931 [INFO] [MQTT] Connecté au broker
2025-03-21 16:47:23,252 [INFO] [API] Connexion de PentesterLab
2025-03-21 16:50:24,251 [INFO] [MQTT] Connecté au broker
2025-03-21 16:50:24,360 [INFO] [MQTT] Connecté au broker
2025-03-21 16:50:24,500 [INFO] [MQTT] Connecté au broker
2025-03-21 16:50:24,516 [INFO] [MQTT] Connecté au broker
2025-03-21 16:54:09,420 [INFO] [MQTT] Connecté au broker
2025-03-21 16:54:09,496 [INFO] [MQTT] Connecté au broker
2025-03-21 16:54:09,603 [INFO] [MQTT] Connecté au broker
2025-03-21 16:54:09,718 [INFO] [MQTT] Connecté au broker
2025-03-21 17:09:53,979 [INFO] [MQTT] Connecté au broker
2025-03-21 17:09:54,035 [INFO] [MQTT] Connecté au broker
2025-03-21 17:09:54,144 [INFO] [MQTT] Connecté au broker
2025-03-21 17:09:54,159 [INFO] [MQTT] Connecté au broker
2025-03-21 17:10:08,477 [INFO] [API] Connexion de PentesterLab
2025-03-21 17:10:38,860 [INFO] [MQTT] Serrure => locked=False
2025-03-21 17:10:38,860 [INFO] [MQTT] Serrure => locked=False
2025-03-21 17:10:38,861 [INFO] [MQTT] Serrure => locked=False
2025-03-21 17:10:38,863 [INFO] [MQTT] Serrure => locked=False
2025-03-21 17:10:41,118 [INFO] [MQTT] Serrure => locked=True
2025-03-21 17:10:41,118 [INFO] [MQTT] Serrure => locked=True
2025-03-21 17:10:41,118 [INFO] [MQTT] Serrure => locked=True
2025-03-21 17:10:41,122 [INFO] [MQTT] Serrure => locked=True
2025-03-21 17:14:30,223 [INFO] [API] Connexion de PentesterLab
2025-03-21 17:14:31,616 [INFO] [MQTT] Serrure => locked=False
2025-03-21 17:14:31,616 [INFO] [MQTT] Serrure => locked=False
2025-03-21 17:14:31,617 [INFO] [MQTT] Serrure => locked=False
2025-03-21 17:14:31,619 [INFO] [MQTT] Serrure => locked=False
2025-03-21 17:14:44,870 [INFO] [MQTT] Serrure => locked=False
2025-03-21 17:14:44,870 [INFO] [MQTT] Serrure => locked=False
2025-03-21 17:14:44,870 [INFO] [MQTT] Serrure => locked=False
2025-03-21 17:14:44,871 [INFO] [MQTT] Serrure => locked=False
2025-03-21 17:34:46,187 [INFO] [MQTT] Serrure => locked=False
2025-03-21 17:34:46,188 [INFO] [MQTT] Serrure => locked=False
2025-03-21 17:34:46,189 [INFO] [MQTT] Serrure => locked=False
2025-03-21 17:34:46,191 [INFO] [MQTT] Serrure => locked=False
2025-03-21 17:38:31,994 [INFO] [MQTT] Serrure => locked=False
2025-03-21 17:38:31,995 [INFO] [MQTT] Serrure => locked=False
2025-03-21 17:38:31,995 [INFO] [MQTT] Serrure => locked=False
2025-03-21 17:38:31,998 [INFO] [MQTT] Serrure => locked=False
2025-03-21 17:50:14,537 [INFO] [MQTT] Connecté au broker
2025-03-21 17:50:14,626 [INFO] [MQTT] Connecté au broker
2025-03-21 17:50:14,640 [INFO] [MQTT] Connecté au broker
2025-03-21 17:50:14,657 [INFO] [MQTT] Connecté au broker
2025-03-24 06:57:16,057 [INFO] [MQTT] Connecté au broker
2025-03-24 06:57:16,164 [INFO] [MQTT] Connecté au broker
2025-03-24 06:57:16,168 [INFO] [MQTT] Connecté au broker
2025-03-24 06:57:17,920 [INFO] [MQTT] Connecté au broker
2025-05-22 17:07:03,884 [ERROR] [MQTT] Échec de connexion, code=5
2025-05-22 17:07:03,886 [ERROR] [MQTT] Échec de connexion, code=5
2025-05-22 17:07:03,891 [ERROR] [MQTT] Échec de connexion, code=5
2025-05-22 17:07:04,907 [ERROR] [MQTT] Échec de connexion, code=5
2025-05-22 17:07:04,908 [ERROR] [MQTT] Échec de connexion, code=5
2025-05-22 17:07:04,909 [ERROR] [MQTT] Échec de connexion, code=5
2025-05-22 17:07:06,912 [ERROR] [MQTT] Échec de connexion, code=5
2025-05-22 17:07:06,913 [ERROR] [MQTT] Échec de connexion, code=5
2025-05-22 17:07:06,913 [ERROR] [MQTT] Échec de connexion, code=5
2025-05-22 17:07:10,917 [ERROR] [MQTT] Échec de connexion, code=5
2025-05-22 17:07:10,917 [ERROR] [MQTT] Échec de connexion, code=5
2025-05-22 17:07:10,918 [ERROR] [MQTT] Échec de connexion, code=5
2025-05-22 17:07:18,923 [ERROR] [MQTT] Échec de connexion, code=5
2025-05-22 17:07:18,925 [ERROR] [MQTT] Échec de connexion, code=5
2025-05-22 17:07:18,925 [ERROR] [MQTT] Échec de connexion, code=5
2025-05-22 17:07:31,143 [INFO] [API] Connexion de PentesterLab
2025-05-22 17:07:34,929 [ERROR] [MQTT] Échec de connexion, code=5
2025-05-22 17:07:34,932 [ERROR] [MQTT] Échec de connexion, code=5
2025-05-22 17:07:34,933 [ERROR] [MQTT] Échec de connexion, code=5
2025-05-22 17:08:06,933 [ERROR] [MQTT] Échec de connexion, code=5
2025-05-22 17:08:06,937 [ERROR] [MQTT] Échec de connexion, code=5
2025-05-22 17:08:06,938 [ERROR] [MQTT] Échec de connexion, code=5
2025-05-22 17:08:44,805 [INFO] [ADMIN] Reset Challenge manuel effectué.
2025-05-22 17:08:44,807 [INFO] [ADMIN] Reset Challenge manuel effectué.
2025-05-22 17:09:10,938 [ERROR] [MQTT] Échec de connexion, code=5
2025-05-22 17:09:10,942 [ERROR] [MQTT] Échec de connexion, code=5
2025-05-22 17:09:10,943 [ERROR] [MQTT] Échec de connexion, code=5
2025-05-22 17:11:10,943 [ERROR] [MQTT] Échec de connexion, code=5
2025-05-22 17:11:10,948 [ERROR] [MQTT] Échec de connexion, code=5
2025-05-22 17:11:10,950 [ERROR] [MQTT] Échec de connexion, code=5
2025-05-22 17:13:10,950 [ERROR] [MQTT] Échec de connexion, code=5
2025-05-22 17:13:10,954 [ERROR] [MQTT] Échec de connexion, code=5
2025-05-22 17:13:10,956 [ERROR] [MQTT] Échec de connexion, code=5
2025-05-22 17:15:10,956 [ERROR] [MQTT] Échec de connexion, code=5
2025-05-22 17:15:10,960 [ERROR] [MQTT] Échec de connexion, code=5
2025-05-22 17:15:10,962 [ERROR] [MQTT] Échec de connexion, code=5
2025-05-22 17:17:10,961 [ERROR] [MQTT] Échec de connexion, code=5
2025-05-22 17:17:10,968 [ERROR] [MQTT] Échec de connexion, code=5
2025-05-22 17:17:10,970 [ERROR] [MQTT] Échec de connexion, code=5
2025-05-22 17:19:10,968 [ERROR] [MQTT] Échec de connexion, code=5
2025-05-22 17:19:10,973 [ERROR] [MQTT] Échec de connexion, code=5
2025-05-22 17:19:10,978 [ERROR] [MQTT] Échec de connexion, code=5
2025-05-22 17:21:10,973 [ERROR] [MQTT] Échec de connexion, code=5
2025-05-22 17:21:10,977 [ERROR] [MQTT] Échec de connexion, code=5
2025-05-22 17:21:10,982 [ERROR] [MQTT] Échec de connexion, code=5
2025-05-22 17:23:10,977 [ERROR] [MQTT] Échec de connexion, code=5
2025-05-22 17:23:10,982 [ERROR] [MQTT] Échec de connexion, code=5
2025-05-22 17:23:10,987 [ERROR] [MQTT] Échec de connexion, code=5
2025-05-22 17:23:22,639 [INFO] [MQTT] Connecté au broker
2025-05-22 17:23:22,640 [INFO] [MQTT] Connecté au broker
2025-05-22 17:23:22,657 [INFO] [MQTT] Connecté au broker
2025-05-22 17:23:36,630 [INFO] [API] Connexion de PentesterLab
2025-05-22 17:24:03,388 [INFO] [MQTT] Serrure => locked=False
2025-05-22 17:24:03,389 [INFO] [MQTT] Serrure => locked=False
2025-05-22 17:24:03,391 [INFO] [MQTT] Serrure => locked=False
2025-05-22 17:24:10,287 [INFO] [MQTT] Serrure => locked=False
2025-05-22 17:24:10,289 [INFO] [MQTT] Serrure => locked=False
2025-05-22 17:24:10,290 [INFO] [MQTT] Serrure => locked=False
2025-05-22 17:46:32,064 [INFO] [MQTT] Connecté au broker
2025-05-22 17:46:32,071 [INFO] [MQTT] Connecté au broker
2025-05-22 17:46:32,103 [INFO] [MQTT] Connecté au broker
