2025-05-24 12:36:56,666 [SERVEUR] [MQTT] Connecté au broker
2025-05-24 12:38:56,277 [SERVEUR] [MQTT] Connecté au broker
2025-05-24 12:42:16,057 [SERVEUR] [MQTT] Connecté au broker
2025-05-24 12:46:19,294 [SERVEUR] [MQTT] Connecté au broker
2025-05-24 12:48:04,240 [SERVEUR] [MQTT] Connecté au broker
2025-05-24 12:50:23,047 [SERVEUR] [MQTT] Connecté au broker
2025-05-24 12:50:44,459 [SERVEUR] [MQTT] Connecté au broker
2025-05-24 12:53:18,368 [SERVEUR] [MQTT] Connecté au broker
2025-05-24 13:00:33,897 [SERVEUR] [MQTT] Connecté au broker
2025-05-24 13:04:06,726 [SERVEUR] [MQTT] Connecté au broker
2025-05-24 13:14:12,171 [SERVEUR] [MQTT] Connecté au broker
2025-05-24 13:16:02,104 [SERVEUR] [MQTT] Connecté au broker
2025-05-24 13:19:22,228 [SERVEUR] [MQTT] Connecté au broker
2025-05-24 13:22:31,563 [SERVEUR] [MQTT] Serrure => locked=False
2025-05-25 17:31:24,524 [SERVEUR] [MQTT] Connecté au broker
2025-05-25 17:32:47,018 [SERVEUR] [MQTT] Connecté au broker
2025-05-25 17:36:59,048 [SERVEUR] [MQTT] Connecté au broker
2025-05-25 17:37:27,631 [SERVEUR] Status consulté (verrouillée)
2025-05-25 17:38:09,996 [SERVEUR] [MQTT] Connecté au broker
2025-05-25 17:39:15,486 [SERVEUR] [MQTT] Connecté au broker
2025-05-25 17:39:15,613 [SERVEUR] Status consulté (verrouillée)
2025-05-25 17:42:00,976 [SERVEUR] [MQTT] Connecté au broker
2025-05-25 17:42:01,038 [SERVEUR] Status consulté (verrouillée)
2025-05-25 17:43:15,924 [SERVEUR] [MQTT] Serrure => locked=False
2025-05-25 17:43:29,449 [SERVEUR] [MQTT] Serrure => locked=False
2025-05-25 17:43:29,459 [SERVEUR] [MQTT] Serrure => locked=False
2025-05-25 17:43:32,131 [SERVEUR] [MQTT] Serrure => locked=False
2025-05-25 17:43:32,137 [SERVEUR] [MQTT] Serrure => locked=False
2025-05-25 18:30:30,759 [SERVEUR] [MQTT] Connecté au broker
2025-05-25 18:38:06,065 [SERVEUR] [MQTT] Connecté au broker
2025-05-25 18:40:11,417 [SERVEUR] Status consulté (verrouillée)
2025-05-25 18:40:18,834 [SERVEUR] Déverrouillage par API
2025-05-25 18:40:18,843 [SERVEUR] [MQTT] Serrure => locked=False
2025-05-25 18:40:22,007 [SERVEUR] Status consulté (déverrouillée)
2025-05-25 18:40:22,807 [SERVEUR] Verrouillage par API
2025-05-25 18:40:22,811 [SERVEUR] [MQTT] Serrure => locked=True
2025-05-25 18:40:24,777 [SERVEUR] Status consulté (verrouillée)
2025-05-25 18:40:35,467 [SERVEUR] [MQTT] Connecté au broker
2025-05-25 18:40:35,526 [SERVEUR] Status consulté (verrouillée)
2025-05-25 18:40:39,210 [SERVEUR] Déverrouillage par API
2025-05-25 18:40:39,213 [SERVEUR] [MQTT] Serrure => locked=False
2025-05-25 18:40:41,844 [SERVEUR] Status consulté (déverrouillée)
2025-05-25 18:42:57,163 [SERVEUR] [MQTT] Connecté au broker
2025-05-25 18:45:14,035 [SERVEUR] [MQTT] Connecté au broker
2025-05-25 18:45:55,946 [SERVEUR] [ADMIN] Modification tag pour user_id=6 : 
2025-05-25 18:46:04,241 [SERVEUR] [ADMIN] Modification nfc_code pour user_id=6 : 73:DE:3E:14
2025-05-25 18:47:47,771 [SERVEUR] [MQTT] Connecté au broker
2025-05-25 18:49:09,322 [SERVEUR] Status consulté (verrouillée)
2025-05-25 18:51:31,501 [SERVEUR] [MQTT] Connecté au broker
2025-05-25 18:51:31,749 [SERVEUR] Status consulté (verrouillée)
2025-05-25 18:53:08,229 [SERVEUR] [MQTT] Connecté au broker
2025-05-25 18:53:08,481 [SERVEUR] Status consulté (verrouillée)
2025-05-25 18:55:35,885 [SERVEUR] [MQTT] Connecté au broker
2025-05-25 18:59:41,970 [SERVEUR] [MQTT] Connecté au broker
2025-05-25 18:59:48,671 [SERVEUR] Status consulté (verrouillée)
2025-05-25 20:02:22,903 [SERVEUR] [MQTT] Connecté au broker
2025-05-25 20:02:33,432 [SERVEUR] Status consulté (verrouillée)
2025-05-25 20:02:36,987 [SERVEUR] Déverrouillage par API
2025-05-25 20:02:36,993 [SERVEUR] [MQTT] Serrure => locked=False
2025-05-25 20:02:37,935 [SERVEUR] Status consulté (déverrouillée)
2025-05-25 20:02:39,040 [SERVEUR] Verrouillage par API
2025-05-25 20:02:39,045 [SERVEUR] [MQTT] Serrure => locked=True
2025-05-25 20:02:40,044 [SERVEUR] Status consulté (verrouillée)
2025-05-25 20:02:43,374 [SERVEUR] Déverrouillage par API
2025-05-25 20:02:43,380 [SERVEUR] [MQTT] Serrure => locked=False
2025-05-25 20:02:45,741 [SERVEUR] Verrouillage par API
2025-05-25 20:02:45,746 [SERVEUR] [MQTT] Serrure => locked=True
2025-05-25 20:04:21,159 [SERVEUR] [MQTT] Connecté au broker
2025-05-25 20:06:08,088 [SERVEUR] [MQTT] Connecté au broker
2025-05-25 20:07:07,296 [SERVEUR] [MQTT] Serrure => locked=False
2025-05-26 01:18:25,053 [SERVEUR] [MQTT] Connecté au broker
2025-05-26 01:18:25,144 [SERVEUR] Status consulté (verrouillée)
2025-05-26 01:18:30,206 [SERVEUR] [MQTT] Serrure => locked=False
2025-05-26 01:18:30,489 [SERVEUR] Status consulté (déverrouillée)
