2025-05-25 20:49:26,049 [SERVEUR] Déverrouillage par API
2025-05-25 20:49:26,057 [SERVEUR] [MQTT] Serrure => locked=False
2025-05-25 20:49:26,069 [SERVEUR] Status consulté (déverrouillée)
2025-05-25 20:57:54,685 [SERVEUR] [MQTT] Connecté au broker
2025-05-25 20:58:30,449 [SERVEUR] [MQTT] Serrure => locked=False
2025-05-25 20:58:30,464 [SERVEUR] [MQTT] Serrure => locked=False
2025-05-25 20:58:33,985 [SERVEUR] [MQTT] Serrure => locked=False
2025-05-25 20:58:33,988 [SERVEUR] [MQTT] Serrure => locked=False
2025-05-26 00:59:00,037 [SERVEUR] [MQTT] Connecté au broker
2025-05-26 00:59:00,132 [SERVEUR] Status consulté (verrouillée)
2025-05-26 01:14:31,656 [SERVEUR] [MQTT] Serrure => locked=False
2025-05-26 01:14:56,675 [SERVEUR] Status consulté (déverrouillée)
2025-05-28 10:46:19,891 [SERVEUR] [MQTT] Connecté au broker
2025-05-28 10:46:35,242 [SERVEUR] [MQTT] Connecté au broker
2025-05-28 10:49:39,422 [SERVEUR] [MQTT] Connecté au broker
2025-06-03 15:18:26,981 [SERVEUR] [MQTT] Connecté au broker
2025-06-03 15:18:27,122 [SERVEUR] Status consulté (verrouillée)
2025-06-03 15:54:09,497 [SERVEUR] [MQTT] Serrure => locked=False
2025-06-03 15:54:09,511 [SERVEUR] [MQTT] Serrure => locked=False
2025-06-03 15:54:29,997 [SERVEUR] [MQTT] Serrure => locked=False
2025-06-03 15:54:30,010 [SERVEUR] [MQTT] Serrure => locked=False
2025-06-03 15:58:20,538 [SERVEUR] [MQTT] Serrure => locked=False
2025-06-03 15:58:20,556 [SERVEUR] [MQTT] Serrure => locked=False
2025-06-03 16:00:28,496 [SERVEUR] [MQTT] Serrure => locked=False
2025-06-03 16:00:28,511 [SERVEUR] [MQTT] Serrure => locked=False
2025-06-03 16:00:41,494 [SERVEUR] [MQTT] Serrure => locked=False
2025-06-03 16:00:41,510 [SERVEUR] [MQTT] Serrure => locked=False
2025-06-03 16:01:14,995 [SERVEUR] [MQTT] Serrure => locked=False
2025-06-03 16:01:15,007 [SERVEUR] [MQTT] Serrure => locked=False
2025-06-03 16:01:59,507 [SERVEUR] [MQTT] Serrure => locked=False
2025-06-03 16:01:59,522 [SERVEUR] [MQTT] Serrure => locked=False
2025-06-03 16:02:05,994 [SERVEUR] [MQTT] Serrure => locked=False
2025-06-03 16:02:05,999 [SERVEUR] [MQTT] Serrure => locked=False
2025-06-03 16:03:44,497 [SERVEUR] [MQTT] Serrure => locked=False
2025-06-03 16:03:44,507 [SERVEUR] [MQTT] Serrure => locked=False
2025-06-03 16:03:49,993 [SERVEUR] [MQTT] Serrure => locked=False
2025-06-03 16:03:50,003 [SERVEUR] [MQTT] Serrure => locked=False
2025-06-03 16:04:00,991 [SERVEUR] [MQTT] Serrure => locked=False
2025-06-03 16:04:01,009 [SERVEUR] [MQTT] Serrure => locked=False
2025-06-03 16:04:08,489 [SERVEUR] [MQTT] Serrure => locked=False
2025-06-03 16:04:08,502 [SERVEUR] [MQTT] Serrure => locked=False
2025-06-03 16:10:59,992 [SERVEUR] [MQTT] Serrure => locked=False
2025-06-03 16:11:00,007 [SERVEUR] [MQTT] Serrure => locked=False
2025-06-03 16:11:09,993 [SERVEUR] [MQTT] Serrure => locked=False
2025-06-03 16:11:10,008 [SERVEUR] [MQTT] Serrure => locked=False
2025-06-03 16:11:24,489 [SERVEUR] [MQTT] Serrure => locked=False
2025-06-03 16:11:24,505 [SERVEUR] [MQTT] Serrure => locked=False
2025-06-03 16:12:04,493 [SERVEUR] [MQTT] Serrure => locked=False
2025-06-03 16:12:04,503 [SERVEUR] [MQTT] Serrure => locked=False
2025-06-03 16:12:29,816 [SERVEUR] [MQTT] Serrure => locked=False
2025-06-03 16:12:29,827 [SERVEUR] [MQTT] Serrure => locked=False
2025-06-03 16:14:04,494 [SERVEUR] [MQTT] Serrure => locked=False
2025-06-03 16:14:04,509 [SERVEUR] [MQTT] Serrure => locked=False
2025-06-03 16:14:09,494 [SERVEUR] [MQTT] Serrure => locked=False
2025-06-03 16:14:09,507 [SERVEUR] [MQTT] Serrure => locked=False
2025-06-03 16:15:31,492 [SERVEUR] [MQTT] Serrure => locked=False
2025-06-03 16:15:31,502 [SERVEUR] [MQTT] Serrure => locked=False
2025-06-03 16:16:10,495 [SERVEUR] [MQTT] Serrure => locked=False
2025-06-03 16:16:10,505 [SERVEUR] [MQTT] Serrure => locked=False
2025-06-03 16:19:37,997 [SERVEUR] [MQTT] Serrure => locked=False
2025-06-03 16:19:38,014 [SERVEUR] [MQTT] Serrure => locked=False
2025-06-03 16:19:59,492 [SERVEUR] [MQTT] Serrure => locked=False
2025-06-03 16:19:59,508 [SERVEUR] [MQTT] Serrure => locked=False
2025-06-03 16:20:33,495 [SERVEUR] [MQTT] Serrure => locked=False
2025-06-03 16:20:33,500 [SERVEUR] [MQTT] Serrure => locked=False
2025-06-03 16:25:00,533 [SERVEUR] [MQTT] Serrure => locked=False
2025-06-03 16:25:00,548 [SERVEUR] [MQTT] Serrure => locked=False
2025-06-03 16:25:46,995 [SERVEUR] [MQTT] Serrure => locked=False
2025-06-03 16:25:47,000 [SERVEUR] [MQTT] Serrure => locked=False
2025-06-03 16:26:44,995 [SERVEUR] [MQTT] Serrure => locked=False
2025-06-03 16:26:45,005 [SERVEUR] [MQTT] Serrure => locked=False
2025-06-03 16:33:38,534 [SERVEUR] [MQTT] Serrure => locked=False
2025-06-03 16:33:38,538 [SERVEUR] [MQTT] Serrure => locked=False
2025-06-03 16:52:44,485 [SERVEUR] [MQTT] Connecté au broker
